{"/mnt/c/Users/ryanb/git/odsa_app/server/src/app.ts": {"path":"/mnt/c/Users/ryanb/git/odsa_app/server/src/app.ts","all":false,"statementMap":{"0":{"start":{"line":1,"column":0},"end":{"line":1,"column":30}},"1":{"start":{"line":2,"column":0},"end":{"line":2,"column":47}},"2":{"start":{"line":3,"column":0},"end":{"line":3,"column":58}},"3":{"start":{"line":4,"column":0},"end":{"line":4,"column":58}},"4":{"start":{"line":5,"column":0},"end":{"line":5,"column":62}},"5":{"start":{"line":6,"column":0},"end":{"line":6,"column":66}},"6":{"start":{"line":7,"column":0},"end":{"line":7,"column":101}},"7":{"start":{"line":8,"column":0},"end":{"line":8,"column":45}},"8":{"start":{"line":9,"column":0},"end":{"line":9,"column":0}},"9":{"start":{"line":10,"column":0},"end":{"line":10,"column":19}},"10":{"start":{"line":11,"column":0},"end":{"line":11,"column":30}},"11":{"start":{"line":12,"column":0},"end":{"line":12,"column":2}},"12":{"start":{"line":13,"column":0},"end":{"line":13,"column":0}},"13":{"start":{"line":14,"column":0},"end":{"line":14,"column":53}},"14":{"start":{"line":15,"column":0},"end":{"line":15,"column":64}},"15":{"start":{"line":16,"column":0},"end":{"line":16,"column":16}},"16":{"start":{"line":17,"column":0},"end":{"line":17,"column":0}},"17":{"start":{"line":18,"column":0},"end":{"line":18,"column":24}},"18":{"start":{"line":19,"column":0},"end":{"line":19,"column":0}},"19":{"start":{"line":20,"column":0},"end":{"line":20,"column":26}},"20":{"start":{"line":21,"column":0},"end":{"line":21,"column":0}},"21":{"start":{"line":22,"column":0},"end":{"line":22,"column":5}},"22":{"start":{"line":23,"column":0},"end":{"line":23,"column":27}},"23":{"start":{"line":24,"column":0},"end":{"line":24,"column":5}},"24":{"start":{"line":25,"column":0},"end":{"line":25,"column":32}},"25":{"start":{"line":26,"column":0},"end":{"line":26,"column":36}},"26":{"start":{"line":27,"column":0},"end":{"line":27,"column":20}},"27":{"start":{"line":28,"column":0},"end":{"line":28,"column":5}},"28":{"start":{"line":29,"column":0},"end":{"line":29,"column":47}},"29":{"start":{"line":30,"column":0},"end":{"line":30,"column":10}},"30":{"start":{"line":31,"column":0},"end":{"line":31,"column":14}},"31":{"start":{"line":32,"column":0},"end":{"line":32,"column":37}},"32":{"start":{"line":33,"column":0},"end":{"line":33,"column":6}},"33":{"start":{"line":34,"column":0},"end":{"line":34,"column":27}},"34":{"start":{"line":35,"column":0},"end":{"line":35,"column":20}},"35":{"start":{"line":36,"column":0},"end":{"line":36,"column":5}},"36":{"start":{"line":37,"column":0},"end":{"line":37,"column":52}},"37":{"start":{"line":38,"column":0},"end":{"line":38,"column":5}},"38":{"start":{"line":39,"column":0},"end":{"line":39,"column":0}},"39":{"start":{"line":40,"column":0},"end":{"line":40,"column":5}},"40":{"start":{"line":41,"column":0},"end":{"line":41,"column":31}},"41":{"start":{"line":42,"column":0},"end":{"line":42,"column":5}},"42":{"start":{"line":43,"column":0},"end":{"line":43,"column":32}},"43":{"start":{"line":44,"column":0},"end":{"line":44,"column":28}},"44":{"start":{"line":45,"column":0},"end":{"line":45,"column":11}},"45":{"start":{"line":46,"column":0},"end":{"line":46,"column":5}},"46":{"start":{"line":47,"column":0},"end":{"line":47,"column":0}},"47":{"start":{"line":48,"column":0},"end":{"line":48,"column":5}},"48":{"start":{"line":49,"column":0},"end":{"line":49,"column":73}},"49":{"start":{"line":50,"column":0},"end":{"line":50,"column":5}},"50":{"start":{"line":51,"column":0},"end":{"line":51,"column":31}},"51":{"start":{"line":52,"column":0},"end":{"line":52,"column":78}},"52":{"start":{"line":53,"column":0},"end":{"line":53,"column":80}},"53":{"start":{"line":54,"column":0},"end":{"line":54,"column":77}},"54":{"start":{"line":55,"column":0},"end":{"line":55,"column":35}},"55":{"start":{"line":56,"column":0},"end":{"line":56,"column":33}},"56":{"start":{"line":57,"column":0},"end":{"line":57,"column":5}},"57":{"start":{"line":58,"column":0},"end":{"line":58,"column":11}},"58":{"start":{"line":59,"column":0},"end":{"line":59,"column":5}},"59":{"start":{"line":60,"column":0},"end":{"line":60,"column":0}},"60":{"start":{"line":61,"column":0},"end":{"line":61,"column":5}},"61":{"start":{"line":62,"column":0},"end":{"line":62,"column":71}},"62":{"start":{"line":63,"column":0},"end":{"line":63,"column":5}},"63":{"start":{"line":64,"column":0},"end":{"line":64,"column":37}},"64":{"start":{"line":65,"column":0},"end":{"line":65,"column":73}},"65":{"start":{"line":66,"column":0},"end":{"line":66,"column":5}},"66":{"start":{"line":67,"column":0},"end":{"line":67,"column":0}},"67":{"start":{"line":68,"column":0},"end":{"line":68,"column":5}},"68":{"start":{"line":69,"column":0},"end":{"line":69,"column":35}},"69":{"start":{"line":70,"column":0},"end":{"line":70,"column":5}},"70":{"start":{"line":71,"column":0},"end":{"line":71,"column":34}},"71":{"start":{"line":72,"column":0},"end":{"line":72,"column":34}},"72":{"start":{"line":73,"column":0},"end":{"line":73,"column":36}},"73":{"start":{"line":74,"column":0},"end":{"line":74,"column":38}},"74":{"start":{"line":75,"column":0},"end":{"line":75,"column":0}},"75":{"start":{"line":76,"column":0},"end":{"line":76,"column":5}},"76":{"start":{"line":77,"column":0},"end":{"line":77,"column":25}},"77":{"start":{"line":78,"column":0},"end":{"line":78,"column":5}},"78":{"start":{"line":79,"column":0},"end":{"line":79,"column":104}},"79":{"start":{"line":80,"column":0},"end":{"line":80,"column":42}},"80":{"start":{"line":81,"column":0},"end":{"line":81,"column":61}},"81":{"start":{"line":82,"column":0},"end":{"line":82,"column":5}},"82":{"start":{"line":83,"column":0},"end":{"line":83,"column":0}},"83":{"start":{"line":84,"column":0},"end":{"line":84,"column":13}},"84":{"start":{"line":85,"column":0},"end":{"line":85,"column":1}},"85":{"start":{"line":86,"column":0},"end":{"line":86,"column":0}},"86":{"start":{"line":87,"column":0},"end":{"line":87,"column":24}},"87":{"start":{"line":88,"column":0},"end":{"line":88,"column":0}},"88":{"start":{"line":89,"column":0},"end":{"line":89,"column":19}}},"s":{"0":1,"1":1,"2":1,"3":1,"4":1,"5":1,"6":1,"7":1,"8":1,"9":1,"10":1,"11":1,"12":1,"13":1,"14":8,"15":8,"16":8,"17":8,"18":8,"19":8,"20":8,"21":8,"22":8,"23":8,"24":8,"25":9,"26":0,"27":0,"28":9,"29":9,"30":9,"31":9,"32":9,"33":9,"34":0,"35":0,"36":9,"37":8,"38":8,"39":8,"40":8,"41":8,"42":8,"43":9,"44":9,"45":8,"46":8,"47":8,"48":8,"49":8,"50":8,"51":9,"52":9,"53":9,"54":9,"55":0,"56":0,"57":9,"58":8,"59":8,"60":8,"61":8,"62":8,"63":8,"64":0,"65":8,"66":8,"67":8,"68":8,"69":8,"70":8,"71":8,"72":8,"73":8,"74":8,"75":8,"76":8,"77":8,"78":8,"79":0,"80":0,"81":8,"82":8,"83":8,"84":8,"85":1,"86":1,"87":1,"88":1},"branchMap":{"0":{"type":"branch","line":14,"loc":{"start":{"line":14,"column":7},"end":{"line":85,"column":1}},"locations":[{"start":{"line":14,"column":7},"end":{"line":85,"column":1}}]},"1":{"type":"branch","line":15,"loc":{"start":{"line":15,"column":30},"end":{"line":15,"column":64}},"locations":[{"start":{"line":15,"column":30},"end":{"line":15,"column":64}}]},"2":{"type":"branch","line":25,"loc":{"start":{"line":25,"column":10},"end":{"line":38,"column":3}},"locations":[{"start":{"line":25,"column":10},"end":{"line":38,"column":3}}]},"3":{"type":"branch","line":26,"loc":{"start":{"line":26,"column":35},"end":{"line":28,"column":5}},"locations":[{"start":{"line":26,"column":35},"end":{"line":28,"column":5}}]},"4":{"type":"branch","line":32,"loc":{"start":{"line":32,"column":18},"end":{"line":32,"column":37}},"locations":[{"start":{"line":32,"column":18},"end":{"line":32,"column":37}}]},"5":{"type":"branch","line":34,"loc":{"start":{"line":34,"column":26},"end":{"line":36,"column":5}},"locations":[{"start":{"line":34,"column":26},"end":{"line":36,"column":5}}]},"6":{"type":"branch","line":37,"loc":{"start":{"line":37,"column":38},"end":{"line":37,"column":50}},"locations":[{"start":{"line":37,"column":38},"end":{"line":37,"column":50}}]},"7":{"type":"branch","line":43,"loc":{"start":{"line":43,"column":10},"end":{"line":46,"column":3}},"locations":[{"start":{"line":43,"column":10},"end":{"line":46,"column":3}}]},"8":{"type":"branch","line":51,"loc":{"start":{"line":51,"column":10},"end":{"line":59,"column":3}},"locations":[{"start":{"line":51,"column":10},"end":{"line":59,"column":3}}]},"9":{"type":"branch","line":55,"loc":{"start":{"line":55,"column":34},"end":{"line":57,"column":5}},"locations":[{"start":{"line":55,"column":34},"end":{"line":57,"column":5}}]}},"b":{"0":[8],"1":[0],"2":[9],"3":[0],"4":[0],"5":[0],"6":[9],"7":[9],"8":[9],"9":[0]},"fnMap":{"0":{"name":"createApp","decl":{"start":{"line":14,"column":7},"end":{"line":85,"column":1}},"loc":{"start":{"line":14,"column":7},"end":{"line":85,"column":1}},"line":14}},"f":{"0":8}}
,"/mnt/c/Users/ryanb/git/odsa_app/server/src/index.ts": {"path":"/mnt/c/Users/ryanb/git/odsa_app/server/src/index.ts","all":true,"statementMap":{"0":{"start":{"line":1,"column":0},"end":{"line":1,"column":47}},"1":{"start":{"line":2,"column":0},"end":{"line":2,"column":24}},"2":{"start":{"line":3,"column":0},"end":{"line":3,"column":66}},"3":{"start":{"line":4,"column":0},"end":{"line":4,"column":0}},"4":{"start":{"line":5,"column":0},"end":{"line":5,"column":46}},"5":{"start":{"line":6,"column":0},"end":{"line":6,"column":0}},"6":{"start":{"line":7,"column":0},"end":{"line":7,"column":24}},"7":{"start":{"line":8,"column":0},"end":{"line":8,"column":40}},"8":{"start":{"line":9,"column":0},"end":{"line":9,"column":59}},"9":{"start":{"line":10,"column":0},"end":{"line":10,"column":29}},"10":{"start":{"line":11,"column":0},"end":{"line":11,"column":3}}},"s":{"0":0,"1":0,"2":0,"3":0,"4":0,"5":0,"6":0,"7":0,"8":0,"9":0,"10":0},"branchMap":{"0":{"type":"branch","line":1,"loc":{"start":{"line":1,"column":0},"end":{"line":11,"column":-80}},"locations":[{"start":{"line":1,"column":0},"end":{"line":11,"column":-80}}]}},"b":{"0":[0]},"fnMap":{"0":{"name":"(empty-report)","decl":{"start":{"line":1,"column":0},"end":{"line":11,"column":-80}},"loc":{"start":{"line":1,"column":0},"end":{"line":11,"column":-80}},"line":1}},"f":{"0":0}}
,"/mnt/c/Users/ryanb/git/odsa_app/server/src/config/env.ts": {"path":"/mnt/c/Users/ryanb/git/odsa_app/server/src/config/env.ts","all":false,"statementMap":{"0":{"start":{"line":1,"column":0},"end":{"line":1,"column":28}},"1":{"start":{"line":2,"column":0},"end":{"line":2,"column":16}},"2":{"start":{"line":3,"column":0},"end":{"line":3,"column":0}},"3":{"start":{"line":4,"column":0},"end":{"line":4,"column":65}},"4":{"start":{"line":5,"column":0},"end":{"line":5,"column":59}},"5":{"start":{"line":6,"column":0},"end":{"line":6,"column":61}},"6":{"start":{"line":7,"column":0},"end":{"line":7,"column":72}},"7":{"start":{"line":8,"column":0},"end":{"line":8,"column":67}},"8":{"start":{"line":9,"column":0},"end":{"line":9,"column":69}},"9":{"start":{"line":10,"column":0},"end":{"line":10,"column":69}},"10":{"start":{"line":11,"column":0},"end":{"line":11,"column":67}},"11":{"start":{"line":12,"column":0},"end":{"line":12,"column":54}},"12":{"start":{"line":13,"column":0},"end":{"line":13,"column":100}},"13":{"start":{"line":14,"column":0},"end":{"line":14,"column":33}},"14":{"start":{"line":15,"column":0},"end":{"line":15,"column":97}},"15":{"start":{"line":16,"column":0},"end":{"line":16,"column":35}},"16":{"start":{"line":17,"column":0},"end":{"line":17,"column":50}}},"s":{"0":1,"1":1,"2":1,"3":1,"4":1,"5":1,"6":1,"7":1,"8":1,"9":1,"10":1,"11":1,"12":1,"13":1,"14":1,"15":1,"16":1},"branchMap":{"0":{"type":"branch","line":4,"loc":{"start":{"line":4,"column":38},"end":{"line":4,"column":65}},"locations":[{"start":{"line":4,"column":38},"end":{"line":4,"column":65}}]},"1":{"type":"branch","line":5,"loc":{"start":{"line":5,"column":40},"end":{"line":5,"column":59}},"locations":[{"start":{"line":5,"column":40},"end":{"line":5,"column":59}}]},"2":{"type":"branch","line":7,"loc":{"start":{"line":7,"column":43},"end":{"line":7,"column":72}},"locations":[{"start":{"line":7,"column":43},"end":{"line":7,"column":72}}]},"3":{"type":"branch","line":8,"loc":{"start":{"line":8,"column":44},"end":{"line":8,"column":67}},"locations":[{"start":{"line":8,"column":44},"end":{"line":8,"column":67}}]},"4":{"type":"branch","line":9,"loc":{"start":{"line":9,"column":45},"end":{"line":9,"column":69}},"locations":[{"start":{"line":9,"column":45},"end":{"line":9,"column":69}}]},"5":{"type":"branch","line":10,"loc":{"start":{"line":10,"column":45},"end":{"line":10,"column":69}},"locations":[{"start":{"line":10,"column":45},"end":{"line":10,"column":69}}]},"6":{"type":"branch","line":11,"loc":{"start":{"line":11,"column":44},"end":{"line":11,"column":67}},"locations":[{"start":{"line":11,"column":44},"end":{"line":11,"column":67}}]}},"b":{"0":[0],"1":[0],"2":[0],"3":[0],"4":[0],"5":[0],"6":[0]},"fnMap":{},"f":{}}
,"/mnt/c/Users/ryanb/git/odsa_app/server/src/controllers/authController.ts": {"path":"/mnt/c/Users/ryanb/git/odsa_app/server/src/controllers/authController.ts","all":false,"statementMap":{"0":{"start":{"line":1,"column":0},"end":{"line":1,"column":33}},"1":{"start":{"line":2,"column":0},"end":{"line":2,"column":30}},"2":{"start":{"line":3,"column":0},"end":{"line":3,"column":28}},"3":{"start":{"line":4,"column":0},"end":{"line":4,"column":51}},"4":{"start":{"line":5,"column":0},"end":{"line":5,"column":49}},"5":{"start":{"line":6,"column":0},"end":{"line":6,"column":77}},"6":{"start":{"line":7,"column":0},"end":{"line":7,"column":41}},"7":{"start":{"line":8,"column":0},"end":{"line":8,"column":51}},"8":{"start":{"line":9,"column":0},"end":{"line":9,"column":0}},"9":{"start":{"line":10,"column":0},"end":{"line":10,"column":24}},"10":{"start":{"line":11,"column":0},"end":{"line":11,"column":82}},"11":{"start":{"line":12,"column":0},"end":{"line":12,"column":0}},"12":{"start":{"line":13,"column":0},"end":{"line":13,"column":3}},"13":{"start":{"line":14,"column":0},"end":{"line":14,"column":45}},"14":{"start":{"line":15,"column":0},"end":{"line":15,"column":3}},"15":{"start":{"line":16,"column":0},"end":{"line":16,"column":38}},"16":{"start":{"line":17,"column":0},"end":{"line":17,"column":45}},"17":{"start":{"line":18,"column":0},"end":{"line":18,"column":51}},"18":{"start":{"line":19,"column":0},"end":{"line":19,"column":66}},"19":{"start":{"line":20,"column":0},"end":{"line":20,"column":64}},"20":{"start":{"line":21,"column":0},"end":{"line":21,"column":3}},"21":{"start":{"line":22,"column":0},"end":{"line":22,"column":60}},"22":{"start":{"line":23,"column":0},"end":{"line":23,"column":70}},"23":{"start":{"line":24,"column":0},"end":{"line":24,"column":85}},"24":{"start":{"line":25,"column":0},"end":{"line":25,"column":3}},"25":{"start":{"line":26,"column":0},"end":{"line":26,"column":0}},"26":{"start":{"line":27,"column":0},"end":{"line":27,"column":53}},"27":{"start":{"line":28,"column":0},"end":{"line":28,"column":41}},"28":{"start":{"line":29,"column":0},"end":{"line":29,"column":77}},"29":{"start":{"line":30,"column":0},"end":{"line":30,"column":71}},"30":{"start":{"line":31,"column":0},"end":{"line":31,"column":3}},"31":{"start":{"line":32,"column":0},"end":{"line":32,"column":0}},"32":{"start":{"line":33,"column":0},"end":{"line":33,"column":53}},"33":{"start":{"line":34,"column":0},"end":{"line":34,"column":65}},"34":{"start":{"line":35,"column":0},"end":{"line":35,"column":32}},"35":{"start":{"line":36,"column":0},"end":{"line":36,"column":55}},"36":{"start":{"line":37,"column":0},"end":{"line":37,"column":60}},"37":{"start":{"line":38,"column":0},"end":{"line":38,"column":3}},"38":{"start":{"line":39,"column":0},"end":{"line":39,"column":0}},"39":{"start":{"line":40,"column":0},"end":{"line":40,"column":3}},"40":{"start":{"line":41,"column":0},"end":{"line":41,"column":55}},"41":{"start":{"line":42,"column":0},"end":{"line":42,"column":3}},"42":{"start":{"line":43,"column":0},"end":{"line":43,"column":37}},"43":{"start":{"line":44,"column":0},"end":{"line":44,"column":45}},"44":{"start":{"line":45,"column":0},"end":{"line":45,"column":66}},"45":{"start":{"line":46,"column":0},"end":{"line":46,"column":73}},"46":{"start":{"line":47,"column":0},"end":{"line":47,"column":78}},"47":{"start":{"line":48,"column":0},"end":{"line":48,"column":3}},"48":{"start":{"line":49,"column":0},"end":{"line":49,"column":53}},"49":{"start":{"line":50,"column":0},"end":{"line":50,"column":48}},"50":{"start":{"line":51,"column":0},"end":{"line":51,"column":14}},"51":{"start":{"line":52,"column":0},"end":{"line":52,"column":81}},"52":{"start":{"line":53,"column":0},"end":{"line":53,"column":66}},"53":{"start":{"line":54,"column":0},"end":{"line":54,"column":3}},"54":{"start":{"line":55,"column":0},"end":{"line":55,"column":58}},"55":{"start":{"line":56,"column":0},"end":{"line":56,"column":92}},"56":{"start":{"line":57,"column":0},"end":{"line":57,"column":66}},"57":{"start":{"line":58,"column":0},"end":{"line":58,"column":3}},"58":{"start":{"line":59,"column":0},"end":{"line":59,"column":50}},"59":{"start":{"line":60,"column":0},"end":{"line":60,"column":32}},"60":{"start":{"line":61,"column":0},"end":{"line":61,"column":48}},"61":{"start":{"line":62,"column":0},"end":{"line":62,"column":3}},"62":{"start":{"line":63,"column":0},"end":{"line":63,"column":0}},"63":{"start":{"line":64,"column":0},"end":{"line":64,"column":3}},"64":{"start":{"line":65,"column":0},"end":{"line":65,"column":41}},"65":{"start":{"line":66,"column":0},"end":{"line":66,"column":3}},"66":{"start":{"line":67,"column":0},"end":{"line":67,"column":50}},"67":{"start":{"line":68,"column":0},"end":{"line":68,"column":43}},"68":{"start":{"line":69,"column":0},"end":{"line":69,"column":77}},"69":{"start":{"line":70,"column":0},"end":{"line":70,"column":3}},"70":{"start":{"line":71,"column":0},"end":{"line":71,"column":0}},"71":{"start":{"line":72,"column":0},"end":{"line":72,"column":37}},"72":{"start":{"line":73,"column":0},"end":{"line":73,"column":55}},"73":{"start":{"line":74,"column":0},"end":{"line":74,"column":66}},"74":{"start":{"line":75,"column":0},"end":{"line":75,"column":3}},"75":{"start":{"line":76,"column":0},"end":{"line":76,"column":0}},"76":{"start":{"line":77,"column":0},"end":{"line":77,"column":7}},"77":{"start":{"line":78,"column":0},"end":{"line":78,"column":53}},"78":{"start":{"line":79,"column":0},"end":{"line":79,"column":14}},"79":{"start":{"line":80,"column":0},"end":{"line":80,"column":33}},"80":{"start":{"line":81,"column":0},"end":{"line":81,"column":7}},"81":{"start":{"line":82,"column":0},"end":{"line":82,"column":40}},"82":{"start":{"line":83,"column":0},"end":{"line":83,"column":62}},"83":{"start":{"line":84,"column":0},"end":{"line":84,"column":76}},"84":{"start":{"line":85,"column":0},"end":{"line":85,"column":5}},"85":{"start":{"line":86,"column":0},"end":{"line":86,"column":0}},"86":{"start":{"line":87,"column":0},"end":{"line":87,"column":56}},"87":{"start":{"line":88,"column":0},"end":{"line":88,"column":48}},"88":{"start":{"line":89,"column":0},"end":{"line":89,"column":16}},"89":{"start":{"line":90,"column":0},"end":{"line":90,"column":66}},"90":{"start":{"line":91,"column":0},"end":{"line":91,"column":61}},"91":{"start":{"line":92,"column":0},"end":{"line":92,"column":63}},"92":{"start":{"line":93,"column":0},"end":{"line":93,"column":5}},"93":{"start":{"line":94,"column":0},"end":{"line":94,"column":0}},"94":{"start":{"line":95,"column":0},"end":{"line":95,"column":34}},"95":{"start":{"line":96,"column":0},"end":{"line":96,"column":50}},"96":{"start":{"line":97,"column":0},"end":{"line":97,"column":17}},"97":{"start":{"line":98,"column":0},"end":{"line":98,"column":23}},"98":{"start":{"line":99,"column":0},"end":{"line":99,"column":67}},"99":{"start":{"line":100,"column":0},"end":{"line":100,"column":3}},"100":{"start":{"line":101,"column":0},"end":{"line":101,"column":3}},"101":{"start":{"line":102,"column":0},"end":{"line":102,"column":0}},"102":{"start":{"line":103,"column":0},"end":{"line":103,"column":22}}},"s":{"0":1,"1":1,"2":1,"3":1,"4":1,"5":1,"6":1,"7":1,"8":1,"9":1,"10":1,"11":1,"12":1,"13":1,"14":1,"15":1,"16":0,"17":0,"18":0,"19":0,"20":0,"21":0,"22":0,"23":0,"24":0,"25":0,"26":0,"27":0,"28":0,"29":0,"30":0,"31":0,"32":0,"33":0,"34":0,"35":0,"36":0,"37":0,"38":1,"39":1,"40":1,"41":1,"42":1,"43":2,"44":2,"45":0,"46":0,"47":0,"48":2,"49":2,"50":2,"51":0,"52":0,"53":0,"54":2,"55":0,"56":0,"57":0,"58":2,"59":2,"60":2,"61":2,"62":1,"63":1,"64":1,"65":1,"66":1,"67":0,"68":0,"69":0,"70":0,"71":0,"72":0,"73":0,"74":0,"75":0,"76":0,"77":0,"78":0,"79":0,"80":0,"81":0,"82":0,"83":0,"84":0,"85":0,"86":0,"87":0,"88":0,"89":0,"90":0,"91":0,"92":0,"93":0,"94":0,"95":0,"96":0,"97":0,"98":0,"99":0,"100":0,"101":1,"102":1},"branchMap":{"0":{"type":"branch","line":11,"loc":{"start":{"line":11,"column":73},"end":{"line":11,"column":82}},"locations":[{"start":{"line":11,"column":73},"end":{"line":11,"column":82}}]},"1":{"type":"branch","line":43,"loc":{"start":{"line":43,"column":22},"end":{"line":62,"column":3}},"locations":[{"start":{"line":43,"column":22},"end":{"line":62,"column":3}}]},"2":{"type":"branch","line":44,"loc":{"start":{"line":44,"column":34},"end":{"line":44,"column":45}},"locations":[{"start":{"line":44,"column":34},"end":{"line":44,"column":45}}]},"3":{"type":"branch","line":45,"loc":{"start":{"line":45,"column":65},"end":{"line":48,"column":3}},"locations":[{"start":{"line":45,"column":65},"end":{"line":48,"column":3}}]},"4":{"type":"branch","line":51,"loc":{"start":{"line":51,"column":13},"end":{"line":54,"column":3}},"locations":[{"start":{"line":51,"column":13},"end":{"line":54,"column":3}}]},"5":{"type":"branch","line":55,"loc":{"start":{"line":55,"column":57},"end":{"line":58,"column":3}},"locations":[{"start":{"line":55,"column":57},"end":{"line":58,"column":3}}]}},"b":{"0":[0],"1":[2],"2":[0],"3":[0],"4":[0],"5":[0]},"fnMap":{},"f":{}}
,"/mnt/c/Users/ryanb/git/odsa_app/server/src/controllers/eventsController.ts": {"path":"/mnt/c/Users/ryanb/git/odsa_app/server/src/controllers/eventsController.ts","all":false,"statementMap":{"0":{"start":{"line":1,"column":0},"end":{"line":1,"column":33}},"1":{"start":{"line":2,"column":0},"end":{"line":2,"column":28}},"2":{"start":{"line":3,"column":0},"end":{"line":3,"column":87}},"3":{"start":{"line":4,"column":0},"end":{"line":4,"column":8}},"4":{"start":{"line":5,"column":0},"end":{"line":5,"column":19}},"5":{"start":{"line":6,"column":0},"end":{"line":6,"column":27}},"6":{"start":{"line":7,"column":0},"end":{"line":7,"column":14}},"7":{"start":{"line":8,"column":0},"end":{"line":8,"column":22}},"8":{"start":{"line":9,"column":0},"end":{"line":9,"column":18}},"9":{"start":{"line":10,"column":0},"end":{"line":10,"column":23}},"10":{"start":{"line":11,"column":0},"end":{"line":11,"column":29}},"11":{"start":{"line":12,"column":0},"end":{"line":12,"column":21}},"12":{"start":{"line":13,"column":0},"end":{"line":13,"column":21}},"13":{"start":{"line":14,"column":0},"end":{"line":14,"column":19}},"14":{"start":{"line":15,"column":0},"end":{"line":15,"column":14}},"15":{"start":{"line":16,"column":0},"end":{"line":16,"column":16}},"16":{"start":{"line":17,"column":0},"end":{"line":17,"column":22}},"17":{"start":{"line":18,"column":0},"end":{"line":18,"column":41}},"18":{"start":{"line":19,"column":0},"end":{"line":19,"column":8}},"19":{"start":{"line":20,"column":0},"end":{"line":20,"column":21}},"20":{"start":{"line":21,"column":0},"end":{"line":21,"column":23}},"21":{"start":{"line":22,"column":0},"end":{"line":22,"column":20}},"22":{"start":{"line":23,"column":0},"end":{"line":23,"column":21}},"23":{"start":{"line":24,"column":0},"end":{"line":24,"column":20}},"24":{"start":{"line":25,"column":0},"end":{"line":25,"column":48}},"25":{"start":{"line":26,"column":0},"end":{"line":26,"column":76}},"26":{"start":{"line":27,"column":0},"end":{"line":27,"column":58}},"27":{"start":{"line":28,"column":0},"end":{"line":28,"column":98}},"28":{"start":{"line":29,"column":0},"end":{"line":29,"column":86}},"29":{"start":{"line":30,"column":0},"end":{"line":30,"column":0}},"30":{"start":{"line":31,"column":0},"end":{"line":31,"column":30}},"31":{"start":{"line":32,"column":0},"end":{"line":32,"column":16}},"32":{"start":{"line":33,"column":0},"end":{"line":33,"column":20}},"33":{"start":{"line":34,"column":0},"end":{"line":34,"column":27}},"34":{"start":{"line":35,"column":0},"end":{"line":35,"column":31}},"35":{"start":{"line":36,"column":0},"end":{"line":36,"column":58}},"36":{"start":{"line":37,"column":0},"end":{"line":37,"column":33}},"37":{"start":{"line":38,"column":0},"end":{"line":38,"column":2}},"38":{"start":{"line":39,"column":0},"end":{"line":39,"column":0}},"39":{"start":{"line":40,"column":0},"end":{"line":40,"column":35}},"40":{"start":{"line":41,"column":0},"end":{"line":41,"column":21}},"41":{"start":{"line":42,"column":0},"end":{"line":42,"column":27}},"42":{"start":{"line":43,"column":0},"end":{"line":43,"column":31}},"43":{"start":{"line":44,"column":0},"end":{"line":44,"column":58}},"44":{"start":{"line":45,"column":0},"end":{"line":45,"column":33}},"45":{"start":{"line":46,"column":0},"end":{"line":46,"column":2}},"46":{"start":{"line":47,"column":0},"end":{"line":47,"column":0}},"47":{"start":{"line":48,"column":0},"end":{"line":48,"column":24}},"48":{"start":{"line":49,"column":0},"end":{"line":49,"column":0}},"49":{"start":{"line":50,"column":0},"end":{"line":50,"column":3}},"50":{"start":{"line":51,"column":0},"end":{"line":51,"column":44}},"51":{"start":{"line":52,"column":0},"end":{"line":52,"column":3}},"52":{"start":{"line":53,"column":0},"end":{"line":53,"column":60}},"53":{"start":{"line":54,"column":0},"end":{"line":54,"column":64}},"54":{"start":{"line":55,"column":0},"end":{"line":55,"column":23}},"55":{"start":{"line":56,"column":0},"end":{"line":56,"column":3}},"56":{"start":{"line":57,"column":0},"end":{"line":57,"column":0}},"57":{"start":{"line":58,"column":0},"end":{"line":58,"column":3}},"58":{"start":{"line":59,"column":0},"end":{"line":59,"column":44}},"59":{"start":{"line":60,"column":0},"end":{"line":60,"column":3}},"60":{"start":{"line":61,"column":0},"end":{"line":61,"column":74}},"61":{"start":{"line":62,"column":0},"end":{"line":62,"column":56}},"62":{"start":{"line":63,"column":0},"end":{"line":63,"column":49}},"63":{"start":{"line":64,"column":0},"end":{"line":64,"column":63}},"64":{"start":{"line":65,"column":0},"end":{"line":65,"column":3}},"65":{"start":{"line":66,"column":0},"end":{"line":66,"column":63}},"66":{"start":{"line":67,"column":0},"end":{"line":67,"column":70}},"67":{"start":{"line":68,"column":0},"end":{"line":68,"column":3}},"68":{"start":{"line":69,"column":0},"end":{"line":69,"column":55}},"69":{"start":{"line":70,"column":0},"end":{"line":70,"column":66}},"70":{"start":{"line":71,"column":0},"end":{"line":71,"column":3}},"71":{"start":{"line":72,"column":0},"end":{"line":72,"column":86}},"72":{"start":{"line":73,"column":0},"end":{"line":73,"column":73}},"73":{"start":{"line":74,"column":0},"end":{"line":74,"column":3}},"74":{"start":{"line":75,"column":0},"end":{"line":75,"column":0}},"75":{"start":{"line":76,"column":0},"end":{"line":76,"column":3}},"76":{"start":{"line":77,"column":0},"end":{"line":77,"column":46}},"77":{"start":{"line":78,"column":0},"end":{"line":78,"column":3}},"78":{"start":{"line":79,"column":0},"end":{"line":79,"column":79}},"79":{"start":{"line":80,"column":0},"end":{"line":80,"column":35}},"80":{"start":{"line":81,"column":0},"end":{"line":81,"column":40}},"81":{"start":{"line":82,"column":0},"end":{"line":82,"column":75}},"82":{"start":{"line":83,"column":0},"end":{"line":83,"column":3}},"83":{"start":{"line":84,"column":0},"end":{"line":84,"column":56}},"84":{"start":{"line":85,"column":0},"end":{"line":85,"column":49}},"85":{"start":{"line":86,"column":0},"end":{"line":86,"column":63}},"86":{"start":{"line":87,"column":0},"end":{"line":87,"column":3}},"87":{"start":{"line":88,"column":0},"end":{"line":88,"column":63}},"88":{"start":{"line":89,"column":0},"end":{"line":89,"column":70}},"89":{"start":{"line":90,"column":0},"end":{"line":90,"column":3}},"90":{"start":{"line":91,"column":0},"end":{"line":91,"column":55}},"91":{"start":{"line":92,"column":0},"end":{"line":92,"column":66}},"92":{"start":{"line":93,"column":0},"end":{"line":93,"column":3}},"93":{"start":{"line":94,"column":0},"end":{"line":94,"column":90}},"94":{"start":{"line":95,"column":0},"end":{"line":95,"column":17}},"95":{"start":{"line":96,"column":0},"end":{"line":96,"column":70}},"96":{"start":{"line":97,"column":0},"end":{"line":97,"column":3}},"97":{"start":{"line":98,"column":0},"end":{"line":98,"column":61}},"98":{"start":{"line":99,"column":0},"end":{"line":99,"column":3}},"99":{"start":{"line":100,"column":0},"end":{"line":100,"column":0}},"100":{"start":{"line":101,"column":0},"end":{"line":101,"column":3}},"101":{"start":{"line":102,"column":0},"end":{"line":102,"column":72}},"102":{"start":{"line":103,"column":0},"end":{"line":103,"column":3}},"103":{"start":{"line":104,"column":0},"end":{"line":104,"column":51}},"104":{"start":{"line":105,"column":0},"end":{"line":105,"column":57}},"105":{"start":{"line":106,"column":0},"end":{"line":106,"column":86}},"106":{"start":{"line":107,"column":0},"end":{"line":107,"column":0}},"107":{"start":{"line":108,"column":0},"end":{"line":108,"column":42}},"108":{"start":{"line":109,"column":0},"end":{"line":109,"column":47}},"109":{"start":{"line":110,"column":0},"end":{"line":110,"column":78}},"110":{"start":{"line":111,"column":0},"end":{"line":111,"column":41}},"111":{"start":{"line":112,"column":0},"end":{"line":112,"column":43}},"112":{"start":{"line":113,"column":0},"end":{"line":113,"column":47}},"113":{"start":{"line":114,"column":0},"end":{"line":114,"column":12}},"114":{"start":{"line":115,"column":0},"end":{"line":115,"column":20}},"115":{"start":{"line":116,"column":0},"end":{"line":116,"column":16}},"116":{"start":{"line":117,"column":0},"end":{"line":117,"column":49}},"117":{"start":{"line":118,"column":0},"end":{"line":118,"column":6}},"118":{"start":{"line":119,"column":0},"end":{"line":119,"column":5}},"119":{"start":{"line":120,"column":0},"end":{"line":120,"column":0}},"120":{"start":{"line":121,"column":0},"end":{"line":121,"column":121}},"121":{"start":{"line":122,"column":0},"end":{"line":122,"column":53}},"122":{"start":{"line":123,"column":0},"end":{"line":123,"column":20}},"123":{"start":{"line":124,"column":0},"end":{"line":124,"column":45}},"124":{"start":{"line":125,"column":0},"end":{"line":125,"column":5}},"125":{"start":{"line":126,"column":0},"end":{"line":126,"column":32}},"126":{"start":{"line":127,"column":0},"end":{"line":127,"column":86}},"127":{"start":{"line":128,"column":0},"end":{"line":128,"column":26}},"128":{"start":{"line":129,"column":0},"end":{"line":129,"column":5}},"129":{"start":{"line":130,"column":0},"end":{"line":130,"column":15}},"130":{"start":{"line":131,"column":0},"end":{"line":131,"column":9}},"131":{"start":{"line":132,"column":0},"end":{"line":132,"column":0}},"132":{"start":{"line":133,"column":0},"end":{"line":133,"column":72}},"133":{"start":{"line":134,"column":0},"end":{"line":134,"column":12}},"134":{"start":{"line":135,"column":0},"end":{"line":135,"column":95}},"135":{"start":{"line":136,"column":0},"end":{"line":136,"column":33}},"136":{"start":{"line":137,"column":0},"end":{"line":137,"column":84}},"137":{"start":{"line":138,"column":0},"end":{"line":138,"column":18}},"138":{"start":{"line":139,"column":0},"end":{"line":139,"column":20}},"139":{"start":{"line":140,"column":0},"end":{"line":140,"column":22}},"140":{"start":{"line":141,"column":0},"end":{"line":141,"column":27}},"141":{"start":{"line":142,"column":0},"end":{"line":142,"column":44}},"142":{"start":{"line":143,"column":0},"end":{"line":143,"column":40}},"143":{"start":{"line":144,"column":0},"end":{"line":144,"column":10}},"144":{"start":{"line":145,"column":0},"end":{"line":145,"column":6}},"145":{"start":{"line":146,"column":0},"end":{"line":146,"column":0}},"146":{"start":{"line":147,"column":0},"end":{"line":147,"column":33}},"147":{"start":{"line":148,"column":0},"end":{"line":148,"column":3}},"148":{"start":{"line":149,"column":0},"end":{"line":149,"column":0}},"149":{"start":{"line":150,"column":0},"end":{"line":150,"column":3}},"150":{"start":{"line":151,"column":0},"end":{"line":151,"column":36}},"151":{"start":{"line":152,"column":0},"end":{"line":152,"column":3}},"152":{"start":{"line":153,"column":0},"end":{"line":153,"column":80}},"153":{"start":{"line":154,"column":0},"end":{"line":154,"column":35}},"154":{"start":{"line":155,"column":0},"end":{"line":155,"column":40}},"155":{"start":{"line":156,"column":0},"end":{"line":156,"column":62}},"156":{"start":{"line":157,"column":0},"end":{"line":157,"column":75}},"157":{"start":{"line":158,"column":0},"end":{"line":158,"column":3}},"158":{"start":{"line":159,"column":0},"end":{"line":159,"column":44}},"159":{"start":{"line":160,"column":0},"end":{"line":160,"column":18}},"160":{"start":{"line":161,"column":0},"end":{"line":161,"column":55}},"161":{"start":{"line":162,"column":0},"end":{"line":162,"column":70}},"162":{"start":{"line":163,"column":0},"end":{"line":163,"column":3}},"163":{"start":{"line":164,"column":0},"end":{"line":164,"column":33}},"164":{"start":{"line":165,"column":0},"end":{"line":165,"column":25}},"165":{"start":{"line":166,"column":0},"end":{"line":166,"column":52}},"166":{"start":{"line":167,"column":0},"end":{"line":167,"column":32}},"167":{"start":{"line":168,"column":0},"end":{"line":168,"column":3}},"168":{"start":{"line":169,"column":0},"end":{"line":169,"column":0}},"169":{"start":{"line":170,"column":0},"end":{"line":170,"column":3}},"170":{"start":{"line":171,"column":0},"end":{"line":171,"column":51}},"171":{"start":{"line":172,"column":0},"end":{"line":172,"column":3}},"172":{"start":{"line":173,"column":0},"end":{"line":173,"column":72}},"173":{"start":{"line":174,"column":0},"end":{"line":174,"column":40}},"174":{"start":{"line":175,"column":0},"end":{"line":175,"column":14}},"175":{"start":{"line":176,"column":0},"end":{"line":176,"column":50}},"176":{"start":{"line":177,"column":0},"end":{"line":177,"column":43}},"177":{"start":{"line":178,"column":0},"end":{"line":178,"column":3}},"178":{"start":{"line":179,"column":0},"end":{"line":179,"column":157}},"179":{"start":{"line":180,"column":0},"end":{"line":180,"column":17}},"180":{"start":{"line":181,"column":0},"end":{"line":181,"column":24}},"181":{"start":{"line":182,"column":0},"end":{"line":182,"column":27}},"182":{"start":{"line":183,"column":0},"end":{"line":183,"column":20}},"183":{"start":{"line":184,"column":0},"end":{"line":184,"column":18}},"184":{"start":{"line":185,"column":0},"end":{"line":185,"column":21}},"185":{"start":{"line":186,"column":0},"end":{"line":186,"column":40}},"186":{"start":{"line":187,"column":0},"end":{"line":187,"column":33}},"187":{"start":{"line":188,"column":0},"end":{"line":188,"column":55}},"188":{"start":{"line":189,"column":0},"end":{"line":189,"column":32}},"189":{"start":{"line":190,"column":0},"end":{"line":190,"column":4}},"190":{"start":{"line":191,"column":0},"end":{"line":191,"column":0}},"191":{"start":{"line":192,"column":0},"end":{"line":192,"column":55}},"192":{"start":{"line":193,"column":0},"end":{"line":193,"column":67}},"193":{"start":{"line":194,"column":0},"end":{"line":194,"column":22}},"194":{"start":{"line":195,"column":0},"end":{"line":195,"column":74}},"195":{"start":{"line":196,"column":0},"end":{"line":196,"column":102}},"196":{"start":{"line":197,"column":0},"end":{"line":197,"column":3}},"197":{"start":{"line":198,"column":0},"end":{"line":198,"column":0}},"198":{"start":{"line":199,"column":0},"end":{"line":199,"column":38}},"199":{"start":{"line":200,"column":0},"end":{"line":200,"column":34}},"200":{"start":{"line":201,"column":0},"end":{"line":201,"column":77}},"201":{"start":{"line":202,"column":0},"end":{"line":202,"column":30}},"202":{"start":{"line":203,"column":0},"end":{"line":203,"column":61}},"203":{"start":{"line":204,"column":0},"end":{"line":204,"column":3}},"204":{"start":{"line":205,"column":0},"end":{"line":205,"column":89}},"205":{"start":{"line":206,"column":0},"end":{"line":206,"column":72}},"206":{"start":{"line":207,"column":0},"end":{"line":207,"column":67}},"207":{"start":{"line":208,"column":0},"end":{"line":208,"column":84}},"208":{"start":{"line":209,"column":0},"end":{"line":209,"column":0}},"209":{"start":{"line":210,"column":0},"end":{"line":210,"column":42}},"210":{"start":{"line":211,"column":0},"end":{"line":211,"column":18}},"211":{"start":{"line":212,"column":0},"end":{"line":212,"column":26}},"212":{"start":{"line":213,"column":0},"end":{"line":213,"column":40}},"213":{"start":{"line":214,"column":0},"end":{"line":214,"column":46}},"214":{"start":{"line":215,"column":0},"end":{"line":215,"column":27}},"215":{"start":{"line":216,"column":0},"end":{"line":216,"column":23}},"216":{"start":{"line":217,"column":0},"end":{"line":217,"column":34}},"217":{"start":{"line":218,"column":0},"end":{"line":218,"column":71}},"218":{"start":{"line":219,"column":0},"end":{"line":219,"column":8}},"219":{"start":{"line":220,"column":0},"end":{"line":220,"column":17}},"220":{"start":{"line":221,"column":0},"end":{"line":221,"column":31}},"221":{"start":{"line":222,"column":0},"end":{"line":222,"column":17}},"222":{"start":{"line":223,"column":0},"end":{"line":223,"column":21}},"223":{"start":{"line":224,"column":0},"end":{"line":224,"column":20}},"224":{"start":{"line":225,"column":0},"end":{"line":225,"column":25}},"225":{"start":{"line":226,"column":0},"end":{"line":226,"column":7}},"226":{"start":{"line":227,"column":0},"end":{"line":227,"column":0}},"227":{"start":{"line":228,"column":0},"end":{"line":228,"column":49}},"228":{"start":{"line":229,"column":0},"end":{"line":229,"column":16}},"229":{"start":{"line":230,"column":0},"end":{"line":230,"column":19}},"230":{"start":{"line":231,"column":0},"end":{"line":231,"column":26}},"231":{"start":{"line":232,"column":0},"end":{"line":232,"column":29}},"232":{"start":{"line":233,"column":0},"end":{"line":233,"column":22}},"233":{"start":{"line":234,"column":0},"end":{"line":234,"column":20}},"234":{"start":{"line":235,"column":0},"end":{"line":235,"column":23}},"235":{"start":{"line":236,"column":0},"end":{"line":236,"column":34}},"236":{"start":{"line":237,"column":0},"end":{"line":237,"column":25}},"237":{"start":{"line":238,"column":0},"end":{"line":238,"column":41}},"238":{"start":{"line":239,"column":0},"end":{"line":239,"column":25}},"239":{"start":{"line":240,"column":0},"end":{"line":240,"column":5}},"240":{"start":{"line":241,"column":0},"end":{"line":241,"column":4}},"241":{"start":{"line":242,"column":0},"end":{"line":242,"column":74}},"242":{"start":{"line":243,"column":0},"end":{"line":243,"column":0}},"243":{"start":{"line":244,"column":0},"end":{"line":244,"column":27}},"244":{"start":{"line":245,"column":0},"end":{"line":245,"column":36}},"245":{"start":{"line":246,"column":0},"end":{"line":246,"column":67}},"246":{"start":{"line":247,"column":0},"end":{"line":247,"column":52}},"247":{"start":{"line":248,"column":0},"end":{"line":248,"column":45}},"248":{"start":{"line":249,"column":0},"end":{"line":249,"column":66}},"249":{"start":{"line":250,"column":0},"end":{"line":250,"column":3}},"250":{"start":{"line":251,"column":0},"end":{"line":251,"column":0}},"251":{"start":{"line":252,"column":0},"end":{"line":252,"column":33}},"252":{"start":{"line":253,"column":0},"end":{"line":253,"column":103}},"253":{"start":{"line":254,"column":0},"end":{"line":254,"column":3}},"254":{"start":{"line":255,"column":0},"end":{"line":255,"column":0}},"255":{"start":{"line":256,"column":0},"end":{"line":256,"column":3}},"256":{"start":{"line":257,"column":0},"end":{"line":257,"column":58}},"257":{"start":{"line":258,"column":0},"end":{"line":258,"column":3}},"258":{"start":{"line":259,"column":0},"end":{"line":259,"column":77}},"259":{"start":{"line":260,"column":0},"end":{"line":260,"column":35}},"260":{"start":{"line":261,"column":0},"end":{"line":261,"column":40}},"261":{"start":{"line":262,"column":0},"end":{"line":262,"column":75}},"262":{"start":{"line":263,"column":0},"end":{"line":263,"column":3}},"263":{"start":{"line":264,"column":0},"end":{"line":264,"column":0}},"264":{"start":{"line":265,"column":0},"end":{"line":265,"column":40}},"265":{"start":{"line":266,"column":0},"end":{"line":266,"column":14}},"266":{"start":{"line":267,"column":0},"end":{"line":267,"column":50}},"267":{"start":{"line":268,"column":0},"end":{"line":268,"column":43}},"268":{"start":{"line":269,"column":0},"end":{"line":269,"column":3}},"269":{"start":{"line":270,"column":0},"end":{"line":270,"column":0}},"270":{"start":{"line":271,"column":0},"end":{"line":271,"column":157}},"271":{"start":{"line":272,"column":0},"end":{"line":272,"column":17}},"272":{"start":{"line":273,"column":0},"end":{"line":273,"column":24}},"273":{"start":{"line":274,"column":0},"end":{"line":274,"column":27}},"274":{"start":{"line":275,"column":0},"end":{"line":275,"column":20}},"275":{"start":{"line":276,"column":0},"end":{"line":276,"column":18}},"276":{"start":{"line":277,"column":0},"end":{"line":277,"column":21}},"277":{"start":{"line":278,"column":0},"end":{"line":278,"column":40}},"278":{"start":{"line":279,"column":0},"end":{"line":279,"column":33}},"279":{"start":{"line":280,"column":0},"end":{"line":280,"column":55}},"280":{"start":{"line":281,"column":0},"end":{"line":281,"column":32}},"281":{"start":{"line":282,"column":0},"end":{"line":282,"column":4}},"282":{"start":{"line":283,"column":0},"end":{"line":283,"column":0}},"283":{"start":{"line":284,"column":0},"end":{"line":284,"column":55}},"284":{"start":{"line":285,"column":0},"end":{"line":285,"column":67}},"285":{"start":{"line":286,"column":0},"end":{"line":286,"column":22}},"286":{"start":{"line":287,"column":0},"end":{"line":287,"column":74}},"287":{"start":{"line":288,"column":0},"end":{"line":288,"column":102}},"288":{"start":{"line":289,"column":0},"end":{"line":289,"column":3}},"289":{"start":{"line":290,"column":0},"end":{"line":290,"column":0}},"290":{"start":{"line":291,"column":0},"end":{"line":291,"column":37}},"291":{"start":{"line":292,"column":0},"end":{"line":292,"column":18}},"292":{"start":{"line":293,"column":0},"end":{"line":293,"column":47}},"293":{"start":{"line":294,"column":0},"end":{"line":294,"column":62}},"294":{"start":{"line":295,"column":0},"end":{"line":295,"column":3}},"295":{"start":{"line":296,"column":0},"end":{"line":296,"column":0}},"296":{"start":{"line":297,"column":0},"end":{"line":297,"column":38}},"297":{"start":{"line":298,"column":0},"end":{"line":298,"column":77}},"298":{"start":{"line":299,"column":0},"end":{"line":299,"column":30}},"299":{"start":{"line":300,"column":0},"end":{"line":300,"column":74}},"300":{"start":{"line":301,"column":0},"end":{"line":301,"column":61}},"301":{"start":{"line":302,"column":0},"end":{"line":302,"column":3}},"302":{"start":{"line":303,"column":0},"end":{"line":303,"column":89}},"303":{"start":{"line":304,"column":0},"end":{"line":304,"column":67}},"304":{"start":{"line":305,"column":0},"end":{"line":305,"column":84}},"305":{"start":{"line":306,"column":0},"end":{"line":306,"column":0}},"306":{"start":{"line":307,"column":0},"end":{"line":307,"column":30}},"307":{"start":{"line":308,"column":0},"end":{"line":308,"column":67}},"308":{"start":{"line":309,"column":0},"end":{"line":309,"column":31}},"309":{"start":{"line":310,"column":0},"end":{"line":310,"column":69}},"310":{"start":{"line":311,"column":0},"end":{"line":311,"column":49}},"311":{"start":{"line":312,"column":0},"end":{"line":312,"column":12}},"312":{"start":{"line":313,"column":0},"end":{"line":313,"column":68}},"313":{"start":{"line":314,"column":0},"end":{"line":314,"column":26}},"314":{"start":{"line":315,"column":0},"end":{"line":315,"column":5}},"315":{"start":{"line":316,"column":0},"end":{"line":316,"column":0}},"316":{"start":{"line":317,"column":0},"end":{"line":317,"column":36}},"317":{"start":{"line":318,"column":0},"end":{"line":318,"column":44}},"318":{"start":{"line":319,"column":0},"end":{"line":319,"column":18}},"319":{"start":{"line":320,"column":0},"end":{"line":320,"column":26}},"320":{"start":{"line":321,"column":0},"end":{"line":321,"column":40}},"321":{"start":{"line":322,"column":0},"end":{"line":322,"column":46}},"322":{"start":{"line":323,"column":0},"end":{"line":323,"column":27}},"323":{"start":{"line":324,"column":0},"end":{"line":324,"column":23}},"324":{"start":{"line":325,"column":0},"end":{"line":325,"column":34}},"325":{"start":{"line":326,"column":0},"end":{"line":326,"column":71}},"326":{"start":{"line":327,"column":0},"end":{"line":327,"column":8}},"327":{"start":{"line":328,"column":0},"end":{"line":328,"column":17}},"328":{"start":{"line":329,"column":0},"end":{"line":329,"column":31}},"329":{"start":{"line":330,"column":0},"end":{"line":330,"column":17}},"330":{"start":{"line":331,"column":0},"end":{"line":331,"column":21}},"331":{"start":{"line":332,"column":0},"end":{"line":332,"column":20}},"332":{"start":{"line":333,"column":0},"end":{"line":333,"column":25}},"333":{"start":{"line":334,"column":0},"end":{"line":334,"column":7}},"334":{"start":{"line":335,"column":0},"end":{"line":335,"column":0}},"335":{"start":{"line":336,"column":0},"end":{"line":336,"column":51}},"336":{"start":{"line":337,"column":0},"end":{"line":337,"column":18}},"337":{"start":{"line":338,"column":0},"end":{"line":338,"column":21}},"338":{"start":{"line":339,"column":0},"end":{"line":339,"column":28}},"339":{"start":{"line":340,"column":0},"end":{"line":340,"column":31}},"340":{"start":{"line":341,"column":0},"end":{"line":341,"column":24}},"341":{"start":{"line":342,"column":0},"end":{"line":342,"column":22}},"342":{"start":{"line":343,"column":0},"end":{"line":343,"column":25}},"343":{"start":{"line":344,"column":0},"end":{"line":344,"column":36}},"344":{"start":{"line":345,"column":0},"end":{"line":345,"column":27}},"345":{"start":{"line":346,"column":0},"end":{"line":346,"column":43}},"346":{"start":{"line":347,"column":0},"end":{"line":347,"column":27}},"347":{"start":{"line":348,"column":0},"end":{"line":348,"column":7}},"348":{"start":{"line":349,"column":0},"end":{"line":349,"column":6}},"349":{"start":{"line":350,"column":0},"end":{"line":350,"column":29}},"350":{"start":{"line":351,"column":0},"end":{"line":351,"column":38}},"351":{"start":{"line":352,"column":0},"end":{"line":352,"column":69}},"352":{"start":{"line":353,"column":0},"end":{"line":353,"column":54}},"353":{"start":{"line":354,"column":0},"end":{"line":354,"column":47}},"354":{"start":{"line":355,"column":0},"end":{"line":355,"column":5}},"355":{"start":{"line":356,"column":0},"end":{"line":356,"column":35}},"356":{"start":{"line":357,"column":0},"end":{"line":357,"column":100}},"357":{"start":{"line":358,"column":0},"end":{"line":358,"column":3}},"358":{"start":{"line":359,"column":0},"end":{"line":359,"column":0}},"359":{"start":{"line":360,"column":0},"end":{"line":360,"column":29}},"360":{"start":{"line":361,"column":0},"end":{"line":361,"column":47}},"361":{"start":{"line":362,"column":0},"end":{"line":362,"column":3}},"362":{"start":{"line":363,"column":0},"end":{"line":363,"column":29}},"363":{"start":{"line":364,"column":0},"end":{"line":364,"column":7}},"364":{"start":{"line":365,"column":0},"end":{"line":365,"column":16}},"365":{"start":{"line":366,"column":0},"end":{"line":366,"column":23}},"366":{"start":{"line":367,"column":0},"end":{"line":367,"column":26}},"367":{"start":{"line":368,"column":0},"end":{"line":368,"column":36}},"368":{"start":{"line":369,"column":0},"end":{"line":369,"column":34}},"369":{"start":{"line":370,"column":0},"end":{"line":370,"column":20}},"370":{"start":{"line":371,"column":0},"end":{"line":371,"column":46}},"371":{"start":{"line":372,"column":0},"end":{"line":372,"column":22}},"372":{"start":{"line":373,"column":0},"end":{"line":373,"column":4}},"373":{"start":{"line":374,"column":0},"end":{"line":374,"column":37}},"374":{"start":{"line":375,"column":0},"end":{"line":375,"column":34}},"375":{"start":{"line":376,"column":0},"end":{"line":376,"column":71}},"376":{"start":{"line":377,"column":0},"end":{"line":377,"column":12}},"377":{"start":{"line":378,"column":0},"end":{"line":378,"column":69}},"378":{"start":{"line":379,"column":0},"end":{"line":379,"column":54}},"379":{"start":{"line":380,"column":0},"end":{"line":380,"column":47}},"380":{"start":{"line":381,"column":0},"end":{"line":381,"column":5}},"381":{"start":{"line":382,"column":0},"end":{"line":382,"column":3}},"382":{"start":{"line":383,"column":0},"end":{"line":383,"column":108}},"383":{"start":{"line":384,"column":0},"end":{"line":384,"column":3}},"384":{"start":{"line":385,"column":0},"end":{"line":385,"column":0}},"385":{"start":{"line":386,"column":0},"end":{"line":386,"column":3}},"386":{"start":{"line":387,"column":0},"end":{"line":387,"column":80}},"387":{"start":{"line":388,"column":0},"end":{"line":388,"column":3}},"388":{"start":{"line":389,"column":0},"end":{"line":389,"column":72}},"389":{"start":{"line":390,"column":0},"end":{"line":390,"column":35}},"390":{"start":{"line":391,"column":0},"end":{"line":391,"column":40}},"391":{"start":{"line":392,"column":0},"end":{"line":392,"column":75}},"392":{"start":{"line":393,"column":0},"end":{"line":393,"column":3}},"393":{"start":{"line":394,"column":0},"end":{"line":394,"column":37}},"394":{"start":{"line":395,"column":0},"end":{"line":395,"column":18}},"395":{"start":{"line":396,"column":0},"end":{"line":396,"column":62}},"396":{"start":{"line":397,"column":0},"end":{"line":397,"column":3}},"397":{"start":{"line":398,"column":0},"end":{"line":398,"column":36}},"398":{"start":{"line":399,"column":0},"end":{"line":399,"column":39}},"399":{"start":{"line":400,"column":0},"end":{"line":400,"column":47}},"400":{"start":{"line":401,"column":0},"end":{"line":401,"column":10}},"401":{"start":{"line":402,"column":0},"end":{"line":402,"column":24}},"402":{"start":{"line":403,"column":0},"end":{"line":403,"column":3}},"403":{"start":{"line":404,"column":0},"end":{"line":404,"column":32}},"404":{"start":{"line":405,"column":0},"end":{"line":405,"column":3}},"405":{"start":{"line":406,"column":0},"end":{"line":406,"column":0}},"406":{"start":{"line":407,"column":0},"end":{"line":407,"column":3}},"407":{"start":{"line":408,"column":0},"end":{"line":408,"column":66}},"408":{"start":{"line":409,"column":0},"end":{"line":409,"column":3}},"409":{"start":{"line":410,"column":0},"end":{"line":410,"column":81}},"410":{"start":{"line":411,"column":0},"end":{"line":411,"column":18}},"411":{"start":{"line":412,"column":0},"end":{"line":412,"column":59}},"412":{"start":{"line":413,"column":0},"end":{"line":413,"column":3}},"413":{"start":{"line":414,"column":0},"end":{"line":414,"column":35}},"414":{"start":{"line":415,"column":0},"end":{"line":415,"column":40}},"415":{"start":{"line":416,"column":0},"end":{"line":416,"column":75}},"416":{"start":{"line":417,"column":0},"end":{"line":417,"column":3}},"417":{"start":{"line":418,"column":0},"end":{"line":418,"column":48}},"418":{"start":{"line":419,"column":0},"end":{"line":419,"column":37}},"419":{"start":{"line":420,"column":0},"end":{"line":420,"column":18}},"420":{"start":{"line":421,"column":0},"end":{"line":421,"column":62}},"421":{"start":{"line":422,"column":0},"end":{"line":422,"column":3}},"422":{"start":{"line":423,"column":0},"end":{"line":423,"column":0}},"423":{"start":{"line":424,"column":0},"end":{"line":424,"column":22}},"424":{"start":{"line":425,"column":0},"end":{"line":425,"column":96}},"425":{"start":{"line":426,"column":0},"end":{"line":426,"column":0}},"426":{"start":{"line":427,"column":0},"end":{"line":427,"column":33}},"427":{"start":{"line":428,"column":0},"end":{"line":428,"column":43}},"428":{"start":{"line":429,"column":0},"end":{"line":429,"column":5}},"429":{"start":{"line":430,"column":0},"end":{"line":430,"column":0}},"430":{"start":{"line":431,"column":0},"end":{"line":431,"column":51}},"431":{"start":{"line":432,"column":0},"end":{"line":432,"column":3}},"432":{"start":{"line":433,"column":0},"end":{"line":433,"column":0}},"433":{"start":{"line":434,"column":0},"end":{"line":434,"column":3}},"434":{"start":{"line":435,"column":0},"end":{"line":435,"column":69}},"435":{"start":{"line":436,"column":0},"end":{"line":436,"column":3}},"436":{"start":{"line":437,"column":0},"end":{"line":437,"column":83}},"437":{"start":{"line":438,"column":0},"end":{"line":438,"column":18}},"438":{"start":{"line":439,"column":0},"end":{"line":439,"column":59}},"439":{"start":{"line":440,"column":0},"end":{"line":440,"column":3}},"440":{"start":{"line":441,"column":0},"end":{"line":441,"column":35}},"441":{"start":{"line":442,"column":0},"end":{"line":442,"column":40}},"442":{"start":{"line":443,"column":0},"end":{"line":443,"column":75}},"443":{"start":{"line":444,"column":0},"end":{"line":444,"column":3}},"444":{"start":{"line":445,"column":0},"end":{"line":445,"column":48}},"445":{"start":{"line":446,"column":0},"end":{"line":446,"column":37}},"446":{"start":{"line":447,"column":0},"end":{"line":447,"column":18}},"447":{"start":{"line":448,"column":0},"end":{"line":448,"column":62}},"448":{"start":{"line":449,"column":0},"end":{"line":449,"column":3}},"449":{"start":{"line":450,"column":0},"end":{"line":450,"column":0}},"450":{"start":{"line":451,"column":0},"end":{"line":451,"column":22}},"451":{"start":{"line":452,"column":0},"end":{"line":452,"column":96}},"452":{"start":{"line":453,"column":0},"end":{"line":453,"column":0}},"453":{"start":{"line":454,"column":0},"end":{"line":454,"column":33}},"454":{"start":{"line":455,"column":0},"end":{"line":455,"column":46}},"455":{"start":{"line":456,"column":0},"end":{"line":456,"column":5}},"456":{"start":{"line":457,"column":0},"end":{"line":457,"column":0}},"457":{"start":{"line":458,"column":0},"end":{"line":458,"column":52}},"458":{"start":{"line":459,"column":0},"end":{"line":459,"column":3}},"459":{"start":{"line":460,"column":0},"end":{"line":460,"column":0}},"460":{"start":{"line":461,"column":0},"end":{"line":461,"column":3}},"461":{"start":{"line":462,"column":0},"end":{"line":462,"column":77}},"462":{"start":{"line":463,"column":0},"end":{"line":463,"column":3}},"463":{"start":{"line":464,"column":0},"end":{"line":464,"column":39}},"464":{"start":{"line":465,"column":0},"end":{"line":465,"column":21}},"465":{"start":{"line":466,"column":0},"end":{"line":466,"column":130}},"466":{"start":{"line":467,"column":0},"end":{"line":467,"column":44}},"467":{"start":{"line":468,"column":0},"end":{"line":468,"column":49}},"468":{"start":{"line":469,"column":0},"end":{"line":469,"column":30}},"469":{"start":{"line":470,"column":0},"end":{"line":470,"column":3}},"470":{"start":{"line":471,"column":0},"end":{"line":471,"column":63}},"471":{"start":{"line":472,"column":0},"end":{"line":472,"column":37}},"472":{"start":{"line":473,"column":0},"end":{"line":473,"column":3}},"473":{"start":{"line":474,"column":0},"end":{"line":474,"column":80}},"474":{"start":{"line":475,"column":0},"end":{"line":475,"column":54}},"475":{"start":{"line":476,"column":0},"end":{"line":476,"column":3}},"476":{"start":{"line":477,"column":0},"end":{"line":477,"column":100}},"477":{"start":{"line":478,"column":0},"end":{"line":478,"column":46}},"478":{"start":{"line":479,"column":0},"end":{"line":479,"column":3}},"479":{"start":{"line":480,"column":0},"end":{"line":480,"column":94}},"480":{"start":{"line":481,"column":0},"end":{"line":481,"column":44}},"481":{"start":{"line":482,"column":0},"end":{"line":482,"column":3}},"482":{"start":{"line":483,"column":0},"end":{"line":483,"column":65}},"483":{"start":{"line":484,"column":0},"end":{"line":484,"column":41}},"484":{"start":{"line":485,"column":0},"end":{"line":485,"column":3}},"485":{"start":{"line":486,"column":0},"end":{"line":486,"column":57}},"486":{"start":{"line":487,"column":0},"end":{"line":487,"column":34}},"487":{"start":{"line":488,"column":0},"end":{"line":488,"column":3}},"488":{"start":{"line":489,"column":0},"end":{"line":489,"column":117}},"489":{"start":{"line":490,"column":0},"end":{"line":490,"column":50}},"490":{"start":{"line":491,"column":0},"end":{"line":491,"column":3}},"491":{"start":{"line":492,"column":0},"end":{"line":492,"column":84}},"492":{"start":{"line":493,"column":0},"end":{"line":493,"column":50}},"493":{"start":{"line":494,"column":0},"end":{"line":494,"column":3}},"494":{"start":{"line":495,"column":0},"end":{"line":495,"column":102}},"495":{"start":{"line":496,"column":0},"end":{"line":496,"column":46}},"496":{"start":{"line":497,"column":0},"end":{"line":497,"column":3}},"497":{"start":{"line":498,"column":0},"end":{"line":498,"column":14}},"498":{"start":{"line":499,"column":0},"end":{"line":499,"column":1}},"499":{"start":{"line":500,"column":0},"end":{"line":500,"column":0}},"500":{"start":{"line":501,"column":0},"end":{"line":501,"column":47}},"501":{"start":{"line":502,"column":0},"end":{"line":502,"column":34}},"502":{"start":{"line":503,"column":0},"end":{"line":503,"column":16}},"503":{"start":{"line":504,"column":0},"end":{"line":504,"column":3}},"504":{"start":{"line":505,"column":0},"end":{"line":505,"column":31}},"505":{"start":{"line":506,"column":0},"end":{"line":506,"column":34}},"506":{"start":{"line":507,"column":0},"end":{"line":507,"column":1}},"507":{"start":{"line":508,"column":0},"end":{"line":508,"column":0}},"508":{"start":{"line":509,"column":0},"end":{"line":509,"column":3}},"509":{"start":{"line":510,"column":0},"end":{"line":510,"column":80}},"510":{"start":{"line":511,"column":0},"end":{"line":511,"column":3}},"511":{"start":{"line":512,"column":0},"end":{"line":512,"column":40}},"512":{"start":{"line":513,"column":0},"end":{"line":513,"column":14}},"513":{"start":{"line":514,"column":0},"end":{"line":514,"column":17}},"514":{"start":{"line":515,"column":0},"end":{"line":515,"column":24}},"515":{"start":{"line":516,"column":0},"end":{"line":516,"column":27}},"516":{"start":{"line":517,"column":0},"end":{"line":517,"column":18}},"517":{"start":{"line":518,"column":0},"end":{"line":518,"column":16}},"518":{"start":{"line":519,"column":0},"end":{"line":519,"column":21}},"519":{"start":{"line":520,"column":0},"end":{"line":520,"column":39}},"520":{"start":{"line":521,"column":0},"end":{"line":521,"column":4}},"521":{"start":{"line":522,"column":0},"end":{"line":522,"column":29}},"522":{"start":{"line":523,"column":0},"end":{"line":523,"column":25}},"523":{"start":{"line":524,"column":0},"end":{"line":524,"column":28}},"524":{"start":{"line":525,"column":0},"end":{"line":525,"column":34}},"525":{"start":{"line":526,"column":0},"end":{"line":526,"column":34}},"526":{"start":{"line":527,"column":0},"end":{"line":527,"column":37}},"527":{"start":{"line":528,"column":0},"end":{"line":528,"column":4}},"528":{"start":{"line":529,"column":0},"end":{"line":529,"column":21}},"529":{"start":{"line":530,"column":0},"end":{"line":530,"column":126}},"530":{"start":{"line":531,"column":0},"end":{"line":531,"column":20}},"531":{"start":{"line":532,"column":0},"end":{"line":532,"column":51}},"532":{"start":{"line":533,"column":0},"end":{"line":533,"column":47}},"533":{"start":{"line":534,"column":0},"end":{"line":534,"column":15}},"534":{"start":{"line":535,"column":0},"end":{"line":535,"column":25}},"535":{"start":{"line":536,"column":0},"end":{"line":536,"column":39}},"536":{"start":{"line":537,"column":0},"end":{"line":537,"column":45}},"537":{"start":{"line":538,"column":0},"end":{"line":538,"column":22}},"538":{"start":{"line":539,"column":0},"end":{"line":539,"column":18}},"539":{"start":{"line":540,"column":0},"end":{"line":540,"column":33}},"540":{"start":{"line":541,"column":0},"end":{"line":541,"column":55}},"541":{"start":{"line":542,"column":0},"end":{"line":542,"column":15}},"542":{"start":{"line":543,"column":0},"end":{"line":543,"column":51}},"543":{"start":{"line":544,"column":0},"end":{"line":544,"column":60}},"544":{"start":{"line":545,"column":0},"end":{"line":545,"column":5}},"545":{"start":{"line":546,"column":0},"end":{"line":546,"column":0}},"546":{"start":{"line":547,"column":0},"end":{"line":547,"column":44}},"547":{"start":{"line":548,"column":0},"end":{"line":548,"column":18}},"548":{"start":{"line":549,"column":0},"end":{"line":549,"column":3}},"549":{"start":{"line":550,"column":0},"end":{"line":550,"column":0}},"550":{"start":{"line":551,"column":0},"end":{"line":551,"column":108}},"551":{"start":{"line":552,"column":0},"end":{"line":552,"column":77}},"552":{"start":{"line":553,"column":0},"end":{"line":553,"column":63}},"553":{"start":{"line":554,"column":0},"end":{"line":554,"column":45}},"554":{"start":{"line":555,"column":0},"end":{"line":555,"column":0}},"555":{"start":{"line":556,"column":0},"end":{"line":556,"column":48}},"556":{"start":{"line":557,"column":0},"end":{"line":557,"column":16}},"557":{"start":{"line":558,"column":0},"end":{"line":558,"column":125}},"558":{"start":{"line":559,"column":0},"end":{"line":559,"column":21}},"559":{"start":{"line":560,"column":0},"end":{"line":560,"column":12}},"560":{"start":{"line":561,"column":0},"end":{"line":561,"column":5}},"561":{"start":{"line":562,"column":0},"end":{"line":562,"column":52}},"562":{"start":{"line":563,"column":0},"end":{"line":563,"column":12}},"563":{"start":{"line":564,"column":0},"end":{"line":564,"column":5}},"564":{"start":{"line":565,"column":0},"end":{"line":565,"column":58}},"565":{"start":{"line":566,"column":0},"end":{"line":566,"column":51}},"566":{"start":{"line":567,"column":0},"end":{"line":567,"column":45}},"567":{"start":{"line":568,"column":0},"end":{"line":568,"column":32}},"568":{"start":{"line":569,"column":0},"end":{"line":569,"column":17}},"569":{"start":{"line":570,"column":0},"end":{"line":570,"column":7}},"570":{"start":{"line":571,"column":0},"end":{"line":571,"column":5}},"571":{"start":{"line":572,"column":0},"end":{"line":572,"column":63}},"572":{"start":{"line":573,"column":0},"end":{"line":573,"column":23}},"573":{"start":{"line":574,"column":0},"end":{"line":574,"column":27}},"574":{"start":{"line":575,"column":0},"end":{"line":575,"column":41}},"575":{"start":{"line":576,"column":0},"end":{"line":576,"column":47}},"576":{"start":{"line":577,"column":0},"end":{"line":577,"column":39}},"577":{"start":{"line":578,"column":0},"end":{"line":578,"column":35}},"578":{"start":{"line":579,"column":0},"end":{"line":579,"column":35}},"579":{"start":{"line":580,"column":0},"end":{"line":580,"column":57}},"580":{"start":{"line":581,"column":0},"end":{"line":581,"column":17}},"581":{"start":{"line":582,"column":0},"end":{"line":582,"column":53}},"582":{"start":{"line":583,"column":0},"end":{"line":583,"column":62}},"583":{"start":{"line":584,"column":0},"end":{"line":584,"column":6}},"584":{"start":{"line":585,"column":0},"end":{"line":585,"column":27}},"585":{"start":{"line":586,"column":0},"end":{"line":586,"column":28}},"586":{"start":{"line":587,"column":0},"end":{"line":587,"column":68}},"587":{"start":{"line":588,"column":0},"end":{"line":588,"column":3}},"588":{"start":{"line":589,"column":0},"end":{"line":589,"column":73}},"589":{"start":{"line":590,"column":0},"end":{"line":590,"column":16}},"590":{"start":{"line":591,"column":0},"end":{"line":591,"column":1}},"591":{"start":{"line":592,"column":0},"end":{"line":592,"column":0}},"592":{"start":{"line":593,"column":0},"end":{"line":593,"column":3}},"593":{"start":{"line":594,"column":0},"end":{"line":594,"column":70}},"594":{"start":{"line":595,"column":0},"end":{"line":595,"column":3}},"595":{"start":{"line":596,"column":0},"end":{"line":596,"column":115}},"596":{"start":{"line":597,"column":0},"end":{"line":597,"column":21}},"597":{"start":{"line":598,"column":0},"end":{"line":598,"column":24}},"598":{"start":{"line":599,"column":0},"end":{"line":599,"column":127}},"599":{"start":{"line":600,"column":0},"end":{"line":600,"column":3}},"600":{"start":{"line":601,"column":0},"end":{"line":601,"column":53}},"601":{"start":{"line":602,"column":0},"end":{"line":602,"column":75}},"602":{"start":{"line":603,"column":0},"end":{"line":603,"column":3}},"603":{"start":{"line":604,"column":0},"end":{"line":604,"column":150}},"604":{"start":{"line":605,"column":0},"end":{"line":605,"column":104}},"605":{"start":{"line":606,"column":0},"end":{"line":606,"column":3}},"606":{"start":{"line":607,"column":0},"end":{"line":607,"column":39}},"607":{"start":{"line":608,"column":0},"end":{"line":608,"column":31}},"608":{"start":{"line":609,"column":0},"end":{"line":609,"column":40}},"609":{"start":{"line":610,"column":0},"end":{"line":610,"column":43}},"610":{"start":{"line":611,"column":0},"end":{"line":611,"column":4}},"611":{"start":{"line":612,"column":0},"end":{"line":612,"column":0}},"612":{"start":{"line":613,"column":0},"end":{"line":613,"column":70}},"613":{"start":{"line":614,"column":0},"end":{"line":614,"column":98}},"614":{"start":{"line":615,"column":0},"end":{"line":615,"column":19}},"615":{"start":{"line":616,"column":0},"end":{"line":616,"column":33}},"616":{"start":{"line":617,"column":0},"end":{"line":617,"column":5}},"617":{"start":{"line":618,"column":0},"end":{"line":618,"column":126}},"618":{"start":{"line":619,"column":0},"end":{"line":619,"column":3}},"619":{"start":{"line":620,"column":0},"end":{"line":620,"column":0}},"620":{"start":{"line":621,"column":0},"end":{"line":621,"column":71}},"621":{"start":{"line":622,"column":0},"end":{"line":622,"column":79}},"622":{"start":{"line":623,"column":0},"end":{"line":623,"column":32}},"623":{"start":{"line":624,"column":0},"end":{"line":624,"column":123}},"624":{"start":{"line":625,"column":0},"end":{"line":625,"column":3}},"625":{"start":{"line":626,"column":0},"end":{"line":626,"column":0}},"626":{"start":{"line":627,"column":0},"end":{"line":627,"column":60}},"627":{"start":{"line":628,"column":0},"end":{"line":628,"column":17}},"628":{"start":{"line":629,"column":0},"end":{"line":629,"column":35}},"629":{"start":{"line":630,"column":0},"end":{"line":630,"column":127}},"630":{"start":{"line":631,"column":0},"end":{"line":631,"column":3}},"631":{"start":{"line":632,"column":0},"end":{"line":632,"column":74}},"632":{"start":{"line":633,"column":0},"end":{"line":633,"column":33}},"633":{"start":{"line":634,"column":0},"end":{"line":634,"column":122}},"634":{"start":{"line":635,"column":0},"end":{"line":635,"column":1}},"635":{"start":{"line":636,"column":0},"end":{"line":636,"column":0}},"636":{"start":{"line":637,"column":0},"end":{"line":637,"column":40}},"637":{"start":{"line":638,"column":0},"end":{"line":638,"column":31}},"638":{"start":{"line":639,"column":0},"end":{"line":639,"column":18}},"639":{"start":{"line":640,"column":0},"end":{"line":640,"column":33}},"640":{"start":{"line":641,"column":0},"end":{"line":641,"column":3}},"641":{"start":{"line":642,"column":0},"end":{"line":642,"column":17}},"642":{"start":{"line":643,"column":0},"end":{"line":643,"column":1}},"643":{"start":{"line":644,"column":0},"end":{"line":644,"column":0}},"644":{"start":{"line":645,"column":0},"end":{"line":645,"column":3}},"645":{"start":{"line":646,"column":0},"end":{"line":646,"column":63}},"646":{"start":{"line":647,"column":0},"end":{"line":647,"column":3}},"647":{"start":{"line":648,"column":0},"end":{"line":648,"column":32}},"648":{"start":{"line":649,"column":0},"end":{"line":649,"column":21}},"649":{"start":{"line":650,"column":0},"end":{"line":650,"column":29}},"650":{"start":{"line":651,"column":0},"end":{"line":651,"column":33}},"651":{"start":{"line":652,"column":0},"end":{"line":652,"column":20}},"652":{"start":{"line":653,"column":0},"end":{"line":653,"column":18}},"653":{"start":{"line":654,"column":0},"end":{"line":654,"column":22}},"654":{"start":{"line":655,"column":0},"end":{"line":655,"column":3}},"655":{"start":{"line":656,"column":0},"end":{"line":656,"column":38}},"656":{"start":{"line":657,"column":0},"end":{"line":657,"column":23}},"657":{"start":{"line":658,"column":0},"end":{"line":658,"column":17}},"658":{"start":{"line":659,"column":0},"end":{"line":659,"column":39}},"659":{"start":{"line":660,"column":0},"end":{"line":660,"column":18}},"660":{"start":{"line":661,"column":0},"end":{"line":661,"column":18}},"661":{"start":{"line":662,"column":0},"end":{"line":662,"column":39}},"662":{"start":{"line":663,"column":0},"end":{"line":663,"column":18}},"663":{"start":{"line":664,"column":0},"end":{"line":664,"column":19}},"664":{"start":{"line":665,"column":0},"end":{"line":665,"column":41}},"665":{"start":{"line":666,"column":0},"end":{"line":666,"column":79}},"666":{"start":{"line":667,"column":0},"end":{"line":667,"column":7}},"667":{"start":{"line":668,"column":0},"end":{"line":668,"column":41}},"668":{"start":{"line":669,"column":0},"end":{"line":669,"column":18}},"669":{"start":{"line":670,"column":0},"end":{"line":670,"column":12}},"670":{"start":{"line":671,"column":0},"end":{"line":671,"column":18}},"671":{"start":{"line":672,"column":0},"end":{"line":672,"column":3}},"672":{"start":{"line":673,"column":0},"end":{"line":673,"column":1}},"673":{"start":{"line":674,"column":0},"end":{"line":674,"column":0}},"674":{"start":{"line":675,"column":0},"end":{"line":675,"column":3}},"675":{"start":{"line":676,"column":0},"end":{"line":676,"column":65}},"676":{"start":{"line":677,"column":0},"end":{"line":677,"column":3}},"677":{"start":{"line":678,"column":0},"end":{"line":678,"column":105}},"678":{"start":{"line":679,"column":0},"end":{"line":679,"column":38}},"679":{"start":{"line":680,"column":0},"end":{"line":680,"column":47}},"680":{"start":{"line":681,"column":0},"end":{"line":681,"column":39}},"681":{"start":{"line":682,"column":0},"end":{"line":682,"column":37}},"682":{"start":{"line":683,"column":0},"end":{"line":683,"column":79}},"683":{"start":{"line":684,"column":0},"end":{"line":684,"column":1}},"684":{"start":{"line":685,"column":0},"end":{"line":685,"column":0}},"685":{"start":{"line":686,"column":0},"end":{"line":686,"column":3}},"686":{"start":{"line":687,"column":0},"end":{"line":687,"column":79}},"687":{"start":{"line":688,"column":0},"end":{"line":688,"column":3}},"688":{"start":{"line":689,"column":0},"end":{"line":689,"column":30}},"689":{"start":{"line":690,"column":0},"end":{"line":690,"column":15}},"690":{"start":{"line":691,"column":0},"end":{"line":691,"column":16}},"691":{"start":{"line":692,"column":0},"end":{"line":692,"column":14}},"692":{"start":{"line":693,"column":0},"end":{"line":693,"column":18}},"693":{"start":{"line":694,"column":0},"end":{"line":694,"column":22}},"694":{"start":{"line":695,"column":0},"end":{"line":695,"column":3}},"695":{"start":{"line":696,"column":0},"end":{"line":696,"column":48}},"696":{"start":{"line":697,"column":0},"end":{"line":697,"column":43}},"697":{"start":{"line":698,"column":0},"end":{"line":698,"column":143}},"698":{"start":{"line":699,"column":0},"end":{"line":699,"column":59}},"699":{"start":{"line":700,"column":0},"end":{"line":700,"column":42}},"700":{"start":{"line":701,"column":0},"end":{"line":701,"column":40}},"701":{"start":{"line":702,"column":0},"end":{"line":702,"column":23}},"702":{"start":{"line":703,"column":0},"end":{"line":703,"column":36}},"703":{"start":{"line":704,"column":0},"end":{"line":704,"column":41}},"704":{"start":{"line":705,"column":0},"end":{"line":705,"column":3}},"705":{"start":{"line":706,"column":0},"end":{"line":706,"column":16}},"706":{"start":{"line":707,"column":0},"end":{"line":707,"column":1}},"707":{"start":{"line":708,"column":0},"end":{"line":708,"column":0}},"708":{"start":{"line":709,"column":0},"end":{"line":709,"column":22}}},"s":{"0":1,"1":1,"2":1,"3":1,"4":1,"5":1,"6":1,"7":1,"8":1,"9":1,"10":1,"11":1,"12":1,"13":1,"14":1,"15":1,"16":1,"17":1,"18":1,"19":1,"20":1,"21":1,"22":1,"23":1,"24":1,"25":1,"26":1,"27":1,"28":1,"29":1,"30":1,"31":1,"32":1,"33":1,"34":1,"35":1,"36":1,"37":1,"38":1,"39":1,"40":1,"41":1,"42":1,"43":1,"44":1,"45":1,"46":1,"47":1,"48":1,"49":1,"50":1,"51":1,"52":1,"53":0,"54":0,"55":0,"56":1,"57":1,"58":1,"59":1,"60":1,"61":2,"62":2,"63":0,"64":0,"65":2,"66":0,"67":0,"68":2,"69":0,"70":0,"71":2,"72":2,"73":2,"74":1,"75":1,"76":1,"77":1,"78":1,"79":0,"80":0,"81":0,"82":0,"83":0,"84":0,"85":0,"86":0,"87":0,"88":0,"89":0,"90":0,"91":0,"92":0,"93":0,"94":0,"95":0,"96":0,"97":0,"98":0,"99":1,"100":1,"101":1,"102":1,"103":1,"104":1,"105":1,"106":1,"107":1,"108":1,"109":1,"110":1,"111":8,"112":8,"113":8,"114":8,"115":8,"116":8,"117":8,"118":1,"119":1,"120":1,"121":8,"122":8,"123":2,"124":2,"125":8,"126":8,"127":0,"128":0,"129":8,"130":1,"131":1,"132":1,"133":2,"134":2,"135":2,"136":2,"137":2,"138":2,"139":8,"140":8,"141":8,"142":8,"143":2,"144":1,"145":1,"146":1,"147":1,"148":1,"149":1,"150":1,"151":1,"152":1,"153":0,"154":0,"155":0,"156":0,"157":0,"158":0,"159":0,"160":0,"161":0,"162":0,"163":0,"164":0,"165":0,"166":0,"167":0,"168":1,"169":1,"170":1,"171":1,"172":1,"173":3,"174":3,"175":0,"176":0,"177":0,"178":3,"179":3,"180":3,"181":3,"182":3,"183":3,"184":3,"185":3,"186":3,"187":3,"188":3,"189":3,"190":3,"191":3,"192":3,"193":3,"194":0,"195":0,"196":0,"197":3,"198":3,"199":3,"200":3,"201":3,"202":0,"203":0,"204":3,"205":3,"206":3,"207":3,"208":3,"209":3,"210":3,"211":3,"212":3,"213":3,"214":3,"215":3,"216":3,"217":3,"218":3,"219":3,"220":3,"221":3,"222":3,"223":3,"224":3,"225":3,"226":3,"227":3,"228":9,"229":9,"230":9,"231":9,"232":9,"233":9,"234":9,"235":9,"236":9,"237":9,"238":9,"239":9,"240":3,"241":3,"242":3,"243":3,"244":0,"245":0,"246":0,"247":0,"248":0,"249":0,"250":3,"251":3,"252":3,"253":3,"254":1,"255":1,"256":1,"257":1,"258":1,"259":0,"260":0,"261":0,"262":0,"263":0,"264":0,"265":0,"266":0,"267":0,"268":0,"269":0,"270":0,"271":0,"272":0,"273":0,"274":0,"275":0,"276":0,"277":0,"278":0,"279":0,"280":0,"281":0,"282":0,"283":0,"284":0,"285":0,"286":0,"287":0,"288":0,"289":0,"290":0,"291":0,"292":0,"293":0,"294":0,"295":0,"296":0,"297":0,"298":0,"299":0,"300":0,"301":0,"302":0,"303":0,"304":0,"305":0,"306":0,"307":0,"308":0,"309":0,"310":0,"311":0,"312":0,"313":0,"314":0,"315":0,"316":0,"317":0,"318":0,"319":0,"320":0,"321":0,"322":0,"323":0,"324":0,"325":0,"326":0,"327":0,"328":0,"329":0,"330":0,"331":0,"332":0,"333":0,"334":0,"335":0,"336":0,"337":0,"338":0,"339":0,"340":0,"341":0,"342":0,"343":0,"344":0,"345":0,"346":0,"347":0,"348":0,"349":0,"350":0,"351":0,"352":0,"353":0,"354":0,"355":0,"356":0,"357":0,"358":0,"359":0,"360":0,"361":0,"362":0,"363":0,"364":0,"365":0,"366":0,"367":0,"368":0,"369":0,"370":0,"371":0,"372":0,"373":0,"374":0,"375":0,"376":0,"377":0,"378":0,"379":0,"380":0,"381":0,"382":0,"383":0,"384":1,"385":1,"386":1,"387":1,"388":1,"389":0,"390":0,"391":0,"392":0,"393":0,"394":0,"395":0,"396":0,"397":0,"398":0,"399":0,"400":0,"401":0,"402":0,"403":0,"404":0,"405":1,"406":1,"407":1,"408":1,"409":1,"410":0,"411":0,"412":0,"413":0,"414":0,"415":0,"416":0,"417":0,"418":0,"419":0,"420":0,"421":0,"422":0,"423":0,"424":0,"425":0,"426":0,"427":0,"428":0,"429":0,"430":0,"431":0,"432":1,"433":1,"434":1,"435":1,"436":1,"437":0,"438":0,"439":0,"440":0,"441":0,"442":0,"443":0,"444":0,"445":0,"446":0,"447":0,"448":0,"449":0,"450":0,"451":0,"452":0,"453":0,"454":0,"455":0,"456":0,"457":0,"458":0,"459":1,"460":1,"461":1,"462":1,"463":3,"464":3,"465":3,"466":3,"467":3,"468":0,"469":0,"470":3,"471":0,"472":0,"473":3,"474":0,"475":0,"476":3,"477":0,"478":0,"479":3,"480":0,"481":0,"482":3,"483":0,"484":0,"485":3,"486":0,"487":0,"488":3,"489":0,"490":0,"491":3,"492":0,"493":0,"494":3,"495":0,"496":0,"497":3,"498":3,"499":1,"500":3,"501":3,"502":3,"503":3,"504":0,"505":3,"506":3,"507":1,"508":1,"509":1,"510":1,"511":3,"512":3,"513":3,"514":3,"515":3,"516":3,"517":3,"518":3,"519":3,"520":3,"521":3,"522":3,"523":3,"524":3,"525":3,"526":3,"527":3,"528":3,"529":3,"530":3,"531":3,"532":3,"533":3,"534":3,"535":3,"536":3,"537":3,"538":3,"539":3,"540":3,"541":3,"542":3,"543":3,"544":3,"545":3,"546":3,"547":1,"548":1,"549":2,"550":2,"551":2,"552":2,"553":2,"554":2,"555":2,"556":3,"557":10,"558":10,"559":0,"560":0,"561":10,"562":2,"563":2,"564":10,"565":6,"566":6,"567":2,"568":2,"569":2,"570":6,"571":6,"572":6,"573":6,"574":6,"575":6,"576":6,"577":6,"578":6,"579":6,"580":6,"581":10,"582":10,"583":10,"584":10,"585":10,"586":10,"587":10,"588":2,"589":2,"590":2,"591":1,"592":1,"593":1,"594":1,"595":3,"596":3,"597":3,"598":1,"599":1,"600":3,"601":0,"602":0,"603":3,"604":0,"605":0,"606":2,"607":2,"608":2,"609":3,"610":3,"611":3,"612":3,"613":1,"614":1,"615":1,"616":1,"617":1,"618":1,"619":1,"620":3,"621":0,"622":0,"623":0,"624":0,"625":1,"626":3,"627":3,"628":1,"629":1,"630":1,"631":3,"632":3,"633":3,"634":3,"635":1,"636":6,"637":6,"638":6,"639":1,"640":1,"641":5,"642":5,"643":1,"644":1,"645":1,"646":1,"647":10,"648":10,"649":10,"650":10,"651":10,"652":10,"653":10,"654":10,"655":10,"656":10,"657":10,"658":7,"659":7,"660":10,"661":0,"662":0,"663":10,"664":3,"665":3,"666":3,"667":0,"668":0,"669":10,"670":0,"671":10,"672":10,"673":1,"674":1,"675":1,"676":1,"677":3,"678":3,"679":3,"680":3,"681":3,"682":3,"683":3,"684":1,"685":1,"686":1,"687":1,"688":3,"689":3,"690":3,"691":3,"692":3,"693":3,"694":3,"695":3,"696":3,"697":3,"698":3,"699":3,"700":3,"701":3,"702":3,"703":0,"704":0,"705":3,"706":3,"707":1,"708":1},"branchMap":{"0":{"type":"branch","line":61,"loc":{"start":{"line":61,"column":59},"end":{"line":74,"column":3}},"locations":[{"start":{"line":61,"column":59},"end":{"line":74,"column":3}}]},"1":{"type":"branch","line":62,"loc":{"start":{"line":62,"column":45},"end":{"line":62,"column":56}},"locations":[{"start":{"line":62,"column":45},"end":{"line":62,"column":56}}]},"2":{"type":"branch","line":63,"loc":{"start":{"line":63,"column":48},"end":{"line":65,"column":3}},"locations":[{"start":{"line":63,"column":48},"end":{"line":65,"column":3}}]},"3":{"type":"branch","line":66,"loc":{"start":{"line":66,"column":62},"end":{"line":68,"column":3}},"locations":[{"start":{"line":66,"column":62},"end":{"line":68,"column":3}}]},"4":{"type":"branch","line":69,"loc":{"start":{"line":69,"column":54},"end":{"line":71,"column":3}},"locations":[{"start":{"line":69,"column":54},"end":{"line":71,"column":3}}]},"5":{"type":"branch","line":104,"loc":{"start":{"line":104,"column":36},"end":{"line":148,"column":3}},"locations":[{"start":{"line":104,"column":36},"end":{"line":148,"column":3}}]},"6":{"type":"branch","line":105,"loc":{"start":{"line":105,"column":46},"end":{"line":105,"column":57}},"locations":[{"start":{"line":105,"column":46},"end":{"line":105,"column":57}}]},"7":{"type":"branch","line":106,"loc":{"start":{"line":106,"column":64},"end":{"line":106,"column":86}},"locations":[{"start":{"line":106,"column":64},"end":{"line":106,"column":86}}]},"8":{"type":"branch","line":110,"loc":{"start":{"line":110,"column":64},"end":{"line":110,"column":75}},"locations":[{"start":{"line":110,"column":64},"end":{"line":110,"column":75}}]},"9":{"type":"branch","line":111,"loc":{"start":{"line":111,"column":31},"end":{"line":119,"column":3}},"locations":[{"start":{"line":111,"column":31},"end":{"line":119,"column":3}}]},"10":{"type":"branch","line":121,"loc":{"start":{"line":121,"column":106},"end":{"line":131,"column":5}},"locations":[{"start":{"line":121,"column":106},"end":{"line":131,"column":5}}]},"11":{"type":"branch","line":122,"loc":{"start":{"line":122,"column":20},"end":{"line":122,"column":53}},"locations":[{"start":{"line":122,"column":20},"end":{"line":122,"column":53}}]},"12":{"type":"branch","line":123,"loc":{"start":{"line":123,"column":19},"end":{"line":125,"column":5}},"locations":[{"start":{"line":123,"column":19},"end":{"line":125,"column":5}}]},"13":{"type":"branch","line":127,"loc":{"start":{"line":127,"co
[...]
lumn":7},"end":{"line":63,"column":1}}]},"1":{"type":"branch","line":7,"loc":{"start":{"line":7,"column":20},"end":{"line":16,"column":4}},"locations":[{"start":{"line":7,"column":20},"end":{"line":16,"column":4}}]},"2":{"type":"branch","line":9,"loc":{"start":{"line":9,"column":18},"end":{"line":11,"column":5}},"locations":[{"start":{"line":9,"column":18},"end":{"line":11,"column":5}}]},"3":{"type":"branch","line":11,"loc":{"start":{"line":11,"column":4},"end":{"line":15,"column":29}},"locations":[{"start":{"line":11,"column":4},"end":{"line":15,"column":29}}]},"4":{"type":"branch","line":12,"loc":{"start":{"line":12,"column":36},"end":{"line":12,"column":65}},"locations":[{"start":{"line":12,"column":36},"end":{"line":12,"column":65}}]},"5":{"type":"branch","line":26,"loc":{"start":{"line":26,"column":16},"end":{"line":29,"column":4}},"locations":[{"start":{"line":26,"column":16},"end":{"line":29,"column":4}}]},"6":{"type":"branch","line":42,"loc":{"start":{"line":42,"column":18},"end":{"line":45,"column":4}},"locations":[{"start":{"line":42,"column":18},"end":{"line":45,"column":4}}]},"7":{"type":"branch","line":47,"loc":{"start":{"line":47,"column":21},"end":{"line":51,"column":4}},"locations":[{"start":{"line":47,"column":21},"end":{"line":51,"column":4}}]},"8":{"type":"branch","line":53,"loc":{"start":{"line":53,"column":23},"end":{"line":62,"column":3}},"locations":[{"start":{"line":53,"column":23},"end":{"line":62,"column":3}}]},"9":{"type":"branch","line":59,"loc":{"start":{"line":59,"column":36},"end":{"line":59,"column":108}},"locations":[{"start":{"line":59,"column":36},"end":{"line":59,"column":108}}]},"10":{"type":"branch","line":59,"loc":{"start":{"line":59,"column":79},"end":{"line":59,"column":102}},"locations":[{"start":{"line":59,"column":79},"end":{"line":59,"column":102}}]},"11":{"type":"branch","line":65,"loc":{"start":{"line":65,"column":0},"end":{"line":82,"column":1}},"locations":[{"start":{"line":65,"column":0},"end":{"line":82,"column":1}}]},"12":{"type":"branch","line":66,"loc":{"start":{"line":66,"column":45},"end":{"line":66,"column":53}},"locations":[{"start":{"line":66,"column":45},"end":{"line":66,"column":53}}]},"13":{"type":"branch","line":68,"loc":{"start":{"line":68,"column":18},"end":{"line":70,"column":3}},"locations":[{"start":{"line":68,"column":18},"end":{"line":70,"column":3}}]},"14":{"type":"branch","line":72,"loc":{"start":{"line":72,"column":14},"end":{"line":74,"column":3}},"locations":[{"start":{"line":72,"column":14},"end":{"line":74,"column":3}}]},"15":{"type":"branch","line":75,"loc":{"start":{"line":75,"column":30},"end":{"line":75,"column":52}},"locations":[{"start":{"line":75,"column":30},"end":{"line":75,"column":52}}]},"16":{"type":"branch","line":75,"loc":{"start":{"line":75,"column":48},"end":{"line":75,"column":64}},"locations":[{"start":{"line":75,"column":48},"end":{"line":75,"column":64}}]},"17":{"type":"branch","line":78,"loc":{"start":{"line":78,"column":36},"end":{"line":80,"column":3}},"locations":[{"start":{"line":78,"column":36},"end":{"line":80,"column":3}}]},"18":{"type":"branch","line":80,"loc":{"start":{"line":80,"column":2},"end":{"line":82,"column":1}},"locations":[{"start":{"line":80,"column":2},"end":{"line":82,"column":1}}]},"19":{"type":"branch","line":67,"loc":{"start":{"line":67,"column":31},"end":{"line":67,"column":92}},"locations":[{"start":{"line":67,"column":31},"end":{"line":67,"column":92}}]},"20":{"type":"branch","line":67,"loc":{"start":{"line":67,"column":67},"end":{"line":67,"column":92}},"locations":[{"start":{"line":67,"column":67},"end":{"line":67,"column":92}}]},"21":{"type":"branch","line":87,"loc":{"start":{"line":87,"column":0},"end":{"line":107,"column":1}},"locations":[{"start":{"line":87,"column":0},"end":{"line":107,"column":1}}]},"22":{"type":"branch","line":88,"loc":{"start":{"line":88,"column":31},"end":{"line":98,"column":3}},"locations":[{"start":{"line":88,"column":31},"end":{"line":98,"column":3}}]},"23":{"type":"branch","line":90,"loc":{"start":{"line":90,"column":60},"end":{"line":96,"column":5}},"locations":[{"start":{"line":90,"column":60},"end":{"line":96,"column":5}}]},"24":{"type":"branch","line":93,"loc":{"start":{"line":93,"column":6},"end":{"line":95,"column":7}},"locations":[{"start":{"line":93,"column":6},"end":{"line":95,"column":7}}]},"25":{"type":"branch","line":96,"loc":{"start":{"line":96,"column":4},"end":{"line":98,"column":3}},"locations":[{"start":{"line":96,"column":4},"end":{"line":98,"column":3}}]},"26":{"type":"branch","line":98,"loc":{"start":{"line":98,"column":2},"end":{"line":99,"column":40}},"locations":[{"start":{"line":98,"column":2},"end":{"line":99,"column":40}}]},"27":{"type":"branch","line":99,"loc":{"start":{"line":99,"column":28},"end":{"line":99,"column":65}},"locations":[{"start":{"line":99,"column":28},"end":{"line":99,"column":65}}]},"28":{"type":"branch","line":99,"loc":{"start":{"line":99,"column":65},"end":{"line":105,"column":3}},"locations":[{"start":{"line":99,"column":65},"end":{"line":105,"column":3}}]},"29":{"type":"branch","line":102,"loc":{"start":{"line":102,"column":4},"end":{"line":104,"column":5}},"locations":[{"start":{"line":102,"column":4},"end":{"line":104,"column":5}}]},"30":{"type":"branch","line":105,"loc":{"start":{"line":105,"column":2},"end":{"line":107,"column":1}},"locations":[{"start":{"line":105,"column":2},"end":{"line":107,"column":1}}]}},"b":{"0":[8],"1":[412],"2":[214],"3":[198],"4":[436],"5":[170],"6":[242],"7":[39],"8":[9],"9":[49],"10":[0],"11":[237],"12":[0],"13":[0],"14":[0],"15":[209],"16":[28],"17":[28],"18":[209],"19":[1311],"20":[474],"21":[436],"22":[382],"23":[82],"24":[0],"25":[300],"26":[54],"27":[52],"28":[52],"29":[0],"30":[2]},"fnMap":{"0":{"name":"initLogging","decl":{"start":{"line":6,"column":7},"end":{"line":63,"column":1}},"loc":{"start":{"line":6,"column":7},"end":{"line":63,"column":1}},"line":6},"1":{"name":"writeLine","decl":{"start":{"line":7,"column":20},"end":{"line":16,"column":4}},"loc":{"start":{"line":7,"column":20},"end":{"line":16,"column":4}},"line":7},"2":{"name":"console.log","decl":{"start":{"line":26,"column":16},"end":{"line":29,"column":4}},"loc":{"start":{"line":26,"column":16},"end":{"line":29,"column":4}},"line":26},"3":{"name":"console.info","decl":{"start":{"line":30,"column":17},"end":{"line":33,"column":4}},"loc":{"start":{"line":30,"column":17},"end":{"line":33,"column":4}},"line":30},"4":{"name":"console.warn","decl":{"start":{"line":34,"column":17},"end":{"line":37,"column":4}},"loc":{"start":{"line":34,"column":17},"end":{"line":37,"column":4}},"line":34},"5":{"name":"console.error","decl":{"start":{"line":38,"column":18},"end":{"line":41,"column":4}},"loc":{"start":{"line":38,"column":18},"end":{"line":41,"column":4}},"line":38},"6":{"name":"console.debug","decl":{"start":{"line":42,"column":18},"end":{"line":45,"column":4}},"loc":{"start":{"line":42,"column":18},"end":{"line":45,"column":4}},"line":42},"7":{"name":"console.logEnter","decl":{"start":{"line":47,"column":21},"end":{"line":51,"column":4}},"loc":{"start":{"line":47,"column":21},"end":{"line":51,"column":4}},"line":47},"8":{"name":"console.logRequest","decl":{"start":{"line":53,"column":23},"end":{"line":62,"column":3}},"loc":{"start":{"line":53,"column":23},"end":{"line":62,"column":3}},"line":53},"9":{"name":"getCallerName","decl":{"start":{"line":65,"column":0},"end":{"line":82,"column":1}},"loc":{"start":{"line":65,"column":0},"end":{"line":82,"column":1}},"line":65},"10":{"name":"normalizeLogArg","decl":{"start":{"line":87,"column":0},"end":{"line":107,"column":1}},"loc":{"start":{"line":87,"column":0},"end":{"line":107,"column":1}},"line":87}},"f":{"0":8,"1":412,"2":170,"3":0,"4":0,"5":0,"6":242,"7":39,"8":9,"9":237,"10":436}}
,"/mnt/c/Users/ryanb/git/odsa_app/server/src/utils/serializer.ts": {"path":"/mnt/c/Users/ryanb/git/odsa_app/server/src/utils/serializer.ts","all":false,"statementMap":{"0":{"start":{"line":1,"column":0},"end":{"line":1,"column":8}},"1":{"start":{"line":2,"column":0},"end":{"line":2,"column":18}},"2":{"start":{"line":3,"column":0},"end":{"line":3,"column":11}},"3":{"start":{"line":4,"column":0},"end":{"line":4,"column":22}},"4":{"start":{"line":5,"column":0},"end":{"line":5,"column":17}},"5":{"start":{"line":6,"column":0},"end":{"line":6,"column":10}},"6":{"start":{"line":7,"column":0},"end":{"line":7,"column":25}},"7":{"start":{"line":8,"column":0},"end":{"line":8,"column":18}},"8":{"start":{"line":9,"column":0},"end":{"line":9,"column":18}},"9":{"start":{"line":10,"column":0},"end":{"line":10,"column":0}},"10":{"start":{"line":11,"column":0},"end":{"line":11,"column":3}},"11":{"start":{"line":12,"column":0},"end":{"line":12,"column":58}},"12":{"start":{"line":13,"column":0},"end":{"line":13,"column":3}},"13":{"start":{"line":14,"column":0},"end":{"line":14,"column":45}},"14":{"start":{"line":15,"column":0},"end":{"line":15,"column":10}},"15":{"start":{"line":16,"column":0},"end":{"line":16,"column":16}},"16":{"start":{"line":17,"column":0},"end":{"line":17,"column":22}},"17":{"start":{"line":18,"column":0},"end":{"line":18,"column":20}},"18":{"start":{"line":19,"column":0},"end":{"line":19,"column":39}},"19":{"start":{"line":20,"column":0},"end":{"line":20,"column":37}},"20":{"start":{"line":21,"column":0},"end":{"line":21,"column":30}},"21":{"start":{"line":22,"column":0},"end":{"line":22,"column":4}},"22":{"start":{"line":23,"column":0},"end":{"line":23,"column":1}},"23":{"start":{"line":24,"column":0},"end":{"line":24,"column":0}},"24":{"start":{"line":25,"column":0},"end":{"line":25,"column":3}},"25":{"start":{"line":26,"column":0},"end":{"line":26,"column":46}},"26":{"start":{"line":27,"column":0},"end":{"line":27,"column":3}},"27":{"start":{"line":28,"column":0},"end":{"line":28,"column":61}},"28":{"start":{"line":29,"column":0},"end":{"line":29,"column":10}},"29":{"start":{"line":30,"column":0},"end":{"line":30,"column":15}},"30":{"start":{"line":31,"column":0},"end":{"line":31,"column":19}},"31":{"start":{"line":32,"column":0},"end":{"line":32,"column":54}},"32":{"start":{"line":33,"column":0},"end":{"line":33,"column":4}},"33":{"start":{"line":34,"column":0},"end":{"line":34,"column":1}},"34":{"start":{"line":35,"column":0},"end":{"line":35,"column":0}},"35":{"start":{"line":36,"column":0},"end":{"line":36,"column":3}},"36":{"start":{"line":37,"column":0},"end":{"line":37,"column":45}},"37":{"start":{"line":38,"column":0},"end":{"line":38,"column":3}},"38":{"start":{"line":39,"column":0},"end":{"line":39,"column":59}},"39":{"start":{"line":40,"column":0},"end":{"line":40,"column":10}},"40":{"start":{"line":41,"column":0},"end":{"line":41,"column":15}},"41":{"start":{"line":42,"column":0},"end":{"line":42,"column":21}},"42":{"start":{"line":43,"column":0},"end":{"line":43,"column":33}},"43":{"start":{"line":44,"column":0},"end":{"line":44,"column":19}},"44":{"start":{"line":45,"column":0},"end":{"line":45,"column":54}},"45":{"start":{"line":46,"column":0},"end":{"line":46,"column":4}},"46":{"start":{"line":47,"column":0},"end":{"line":47,"column":1}},"47":{"start":{"line":48,"column":0},"end":{"line":48,"column":0}},"48":{"start":{"line":49,"column":0},"end":{"line":49,"column":3}},"49":{"start":{"line":50,"column":0},"end":{"line":50,"column":46}},"50":{"start":{"line":51,"column":0},"end":{"line":51,"column":3}},"51":{"start":{"line":52,"column":0},"end":{"line":52,"column":61}},"52":{"start":{"line":53,"column":0},"end":{"line":53,"column":10}},"53":{"start":{"line":54,"column":0},"end":{"line":54,"column":15}},"54":{"start":{"line":55,"column":0},"end":{"line":55,"column":19}},"55":{"start":{"line":56,"column":0},"end":{"line":56,"column":33}},"56":{"start":{"line":57,"column":0},"end":{"line":57,"column":25}},"57":{"start":{"line":58,"column":0},"end":{"line":58,"column":54}},"58":{"start":{"line":59,"column":0},"end":{"line":59,"column":4}},"59":{"start":{"line":60,"column":0},"end":{"line":60,"column":1}},"60":{"start":{"line":61,"column":0},"end":{"line":61,"column":0}},"61":{"start":{"line":62,"column":0},"end":{"line":62,"column":3}},"62":{"start":{"line":63,"column":0},"end":{"line":63,"column":74}},"63":{"start":{"line":64,"column":0},"end":{"line":64,"column":3}},"64":{"start":{"line":65,"column":0},"end":{"line":65,"column":81}},"65":{"start":{"line":66,"column":0},"end":{"line":66,"column":10}},"66":{"start":{"line":67,"column":0},"end":{"line":67,"column":15}},"67":{"start":{"line":68,"column":0},"end":{"line":68,"column":19}},"68":{"start":{"line":69,"column":0},"end":{"line":69,"column":33}},"69":{"start":{"line":70,"column":0},"end":{"line":70,"column":41}},"70":{"start":{"line":71,"column":0},"end":{"line":71,"column":53}},"71":{"start":{"line":72,"column":0},"end":{"line":72,"column":26}},"72":{"start":{"line":73,"column":0},"end":{"line":73,"column":22}},"73":{"start":{"line":74,"column":0},"end":{"line":74,"column":27}},"74":{"start":{"line":75,"column":0},"end":{"line":75,"column":59}},"75":{"start":{"line":76,"column":0},"end":{"line":76,"column":49}},"76":{"start":{"line":77,"column":0},"end":{"line":77,"column":40}},"77":{"start":{"line":78,"column":0},"end":{"line":78,"column":61}},"78":{"start":{"line":79,"column":0},"end":{"line":79,"column":43}},"79":{"start":{"line":80,"column":0},"end":{"line":80,"column":54}},"80":{"start":{"line":81,"column":0},"end":{"line":81,"column":4}},"81":{"start":{"line":82,"column":0},"end":{"line":82,"column":1}},"82":{"start":{"line":83,"column":0},"end":{"line":83,"column":0}},"83":{"start":{"line":84,"column":0},"end":{"line":84,"column":52}},"84":{"start":{"line":85,"column":0},"end":{"line":85,"column":15}},"85":{"start":{"line":86,"column":0},"end":{"line":86,"column":16}},"86":{"start":{"line":87,"column":0},"end":{"line":87,"column":3}},"87":{"start":{"line":88,"column":0},"end":{"line":88,"column":7}},"88":{"start":{"line":89,"column":0},"end":{"line":89,"column":29}},"89":{"start":{"line":90,"column":0},"end":{"line":90,"column":11}},"90":{"start":{"line":91,"column":0},"end":{"line":91,"column":16}},"91":{"start":{"line":92,"column":0},"end":{"line":92,"column":3}},"92":{"start":{"line":93,"column":0},"end":{"line":93,"column":1}},"93":{"start":{"line":94,"column":0},"end":{"line":94,"column":0}},"94":{"start":{"line":95,"column":0},"end":{"line":95,"column":3}},"95":{"start":{"line":96,"column":0},"end":{"line":96,"column":50}},"96":{"start":{"line":97,"column":0},"end":{"line":97,"column":3}},"97":{"start":{"line":98,"column":0},"end":{"line":98,"column":69}},"98":{"start":{"line":99,"column":0},"end":{"line":99,"column":10}},"99":{"start":{"line":100,"column":0},"end":{"line":100,"column":21}},"100":{"start":{"line":101,"column":0},"end":{"line":101,"column":54}},"101":{"start":{"line":102,"column":0},"end":{"line":102,"column":72}},"102":{"start":{"line":103,"column":0},"end":{"line":103,"column":58}},"103":{"start":{"line":104,"column":0},"end":{"line":104,"column":4}},"104":{"start":{"line":105,"column":0},"end":{"line":105,"column":1}},"105":{"start":{"line":106,"column":0},"end":{"line":106,"column":0}},"106":{"start":{"line":107,"column":0},"end":{"line":107,"column":3}},"107":{"start":{"line":108,"column":0},"end":{"line":108,"column":54}},"108":{"start":{"line":109,"column":0},"end":{"line":109,"column":3}},"109":{"start":{"line":110,"column":0},"end":{"line":110,"column":75}},"110":{"start":{"line":111,"column":0},"end":{"line":111,"column":10}},"111":{"start":{"line":112,"column":0},"end":{"line":112,"column":27}},"112":{"start":{"line":113,"column":0},"end":{"line":113,"column":54}},"113":{"start":{"line":114,"column":0},"end":{"line":114,"column":4}},"114":{"start":{"line":115,"column":0},"end":{"line":115,"column":1}}},"s":{"0":1,"1":1,"2":1,"3":1,"4":1,"5":1,"6":1,"7":1,"8":1,"9":1,"10":1,"11":1,"12":1,"13":1,"14":2,"15":2,"16":2,"17":2,"18":2,"19":2,"20":2,"21":2,"22":2,"23":1,"24":1,"25":1,"26":1,"27":1,"28":0,"29":0,"30":0,"31":0,"32":0,"33":0,"34":1,"35":1,"36":1,"37":1,"38":1,"39":0,"40":0,"41":0,"42":0,"43":0,"44":0,"45":0,"46":0,"47":1,"48":1,"49":1,"50":1,"51":1,"52":2,"53":2,"54":2,"55":2,"56":2,"57":2,"58":2,"59":2,"60":1,"61":1,"62":1,"63":1,"64":1,"65":11,"66":11,"67":11,"68":11,"69":11,"70":11,"71":11,"72":11,"73":11,"74":11,"75":11,"76":11,"77":11,"78":11,"79":11,"80":11,"81":11,"82":1,"83":11,"84":11,"85":1,"86":1,"87":10,"88":10,"89":11,"90":0,"91":0,"92":11,"93":1,"94":1,"95":1,"96":1,"97":1,"98":0,"99":0,"100":0,"101":0,"102":0,"103":0,"104":0,"105":1,"106":1,"107":1,"108":1,"109":1,"110":0,"111":0,"112":0,"113":0,"114":0},"branchMap":{"0":{"type":"branch","line":14,"loc":{"start":{"line":14,"column":7},"end":{"line":23,"column":1}},"locations":[{"start":{"line":14,"column":7},"end":{"line":23,"column":1}}]},"1":{"type":"branch","line":52,"loc":{"start":{"line":52,"column":7},"end":{"line":60,"column":1}},"locations":[{"start":{"line":52,"column":7},"end":{"line":60,"column":1}}]},"2":{"type":"branch","line":65,"loc":{"start":{"line":65,"column":7},"end":{"line":82,"column":1}},"locations":[{"start":{"line":65,"column":7},"end":{"line":82,"column":1}}]},"3":{"type":"branch","line":71,"loc":{"start":{"line":71,"column":26},"end":{"line":71,"column":53}},"locations":[{"start":{"line":71,"column":26},"end":{"line":71,"column":53}}]},"4":{"type":"branch","line":77,"loc":{"start":{"line":77,"column":20},"end":{"line":77,"column":40}},"locations":[{"start":{"line":77,"column":20},"end":{"line":77,"column":40}}]},"5":{"type":"branch","line":79,"loc":{"start":{"line":79,"column":21},"end":{"line":79,"column":43}},"locations":[{"start":{"line":79,"column":21},"end":{"line":79,"column":43}}]},"6":{"type":"branch","line":84,"loc":{"start":{"line":84,"column":0},"end":{"line":93,"column":1}},"locations":[{"start":{"line":84,"column":0},"end":{"line":93,"column":1}}]},"7":{"type":"branch","line":85,"loc":{"start":{"line":85,"column":14},"end":{"line":87,"column":3}},"locations":[{"start":{"line":85,"column":14},"end":{"line":87,"column":3}}]},"8":{"type":"branch","line":87,"loc":{"start":{"line":87,"column":2},"end":{"line":90,"column":10}},"locations":[{"start":{"line":87,"column":2},"end":{"line":90,"column":10}}]},"9":{"type":"branch","line":90,"loc":{"start":{"line":90,"column":2},"end":{"line":92,"column":3}},"locations":[{"start":{"line":90,"column":2},"end":{"line":92,"column":3}}]}},"b":{"0":[2],"1":[2],"2":[11],"3":[0],"4":[1],"5":[1],"6":[11],"7":[1],"8":[10],"9":[0]},"fnMap":{"0":{"name":"toPublicUser","decl":{"start":{"line":14,"column":7},"end":{"line":23,"column":1}},"loc":{"start":{"line":14,"column":7},"end":{"line":23,"column":1}},"line":14},"1":{"name":"serializeAnnouncement","decl":{"start":{"line":28,"column":7},"end":{"line":34,"column":1}},"loc":{"start":{"line":28,"column":7},"end":{"line":34,"column":1}},"line":28},"2":{"name":"serializeSupportLink","decl":{"start":{"line":39,"column":7},"end":{"line":47,"column":1}},"loc":{"start":{"line":39,"column":7},"end":{"line":47,"column":1}},"line":39},"3":{"name":"serializeWorkingGroup","decl":{"start":{"line":52,"column":7},"end":{"line":60,"column":1}},"loc":{"start":{"line":52,"column":7},"end":{"line":60,"column":1}},"line":52},"4":{"name":"serializeEvent","decl":{"start":{"line":65,"column":7},"end":{"line":82,"column":1}},"loc":{"start":{"line":65,"column":7},"end":{"line":82,"column":1}},"line":65},"5":{"name":"parseRecurrenceRule","decl":{"start":{"line":84,"column":0},"end":{"line":93,"column":1}},"loc":{"start":{"line":84,"column":0},"end":{"line":93,"column":1}},"line":84},"6":{"name":"serializePushSubscription","decl":{"start":{"line":98,"column":7},"end":{"line":105,"column":1}},"loc":{"start":{"line":98,"column":7},"end":{"line":105,"column":1}},"line":98},"7":{"name":"serializeWebPushSubscription","decl":{"start":{"line":110,"column":7},"end":{"line":115,"column":1}},"loc":{"start":{"line":110,"column":7},"end":{"line":115,"column":1}},"line":110}},"f":{"0":2,"1":0,"2":0,"3":2,"4":11,"5":11,"6":0,"7":0}}
}
